<?xml version="1.0"?>
<test-run testcasecount="204" total="204" passed="202" failed="2" inconclusive="0" skipped="0" asserts="0">
	<test-suite type="TestSuite" id="1279" name="Ulisses.Core" fullname="Ulisses.Core" runstate="Runnable" testcasecount="204" result="Failed"
		site="Child" start-time="2022-07-20 18:31:39Z" end-time="2022-07-20 18:31:39Z" duration="0.826695" total="204" passed="202" failed="2" inconclusive="0"
		skipped="0" asserts="0">
		<properties />
		<failure>
			<message><![CDATA[One or more child tests had errors]]></message>
		</failure>
		<test-suite type="Assembly" id="1286" name="Ulisses.Core.Extensions.Tests.EditMode.dll"
			fullname="C:/Users/Daniel Schulz/Desktop/Unity/Ulisses.Core/Library/ScriptAssemblies/Ulisses.Core.Extensions.Tests.EditMode.dll" runstate="Runnable"
			testcasecount="4" result="Passed" start-time="2022-07-20 18:31:39Z" end-time="2022-07-20 18:31:39Z" duration="0.056084" total="4" passed="4" failed="0"
			inconclusive="0" skipped="0" asserts="0">
			<properties>
				<property name="_PID" value="160" />
				<property name="_APPDOMAIN" value="Unity Child Domain" />
				<property name="platform" value="EditMode" />
			</properties>
			<test-suite type="TestSuite" id="1287" name="Ulisses" fullname="Ulisses" runstate="Runnable" testcasecount="4" result="Passed"
				start-time="2022-07-20 18:31:39Z" end-time="2022-07-20 18:31:39Z" duration="0.055474" total="4" passed="4" failed="0" inconclusive="0" skipped="0"
				asserts="0">
				<properties />
				<test-suite type="TestSuite" id="1288" name="Core" fullname="Ulisses.Core" runstate="Runnable" testcasecount="4" result="Passed"
					start-time="2022-07-20 18:31:39Z" end-time="2022-07-20 18:31:39Z" duration="0.052522" total="4" passed="4" failed="0" inconclusive="0" skipped="0"
					asserts="0">
					<properties />
					<test-suite type="TestSuite" id="1289" name="Extensions" fullname="Ulisses.Core.Extensions" runstate="Runnable" testcasecount="4"
						result="Passed" start-time="2022-07-20 18:31:39Z" end-time="2022-07-20 18:31:39Z" duration="0.047869" total="4" passed="4" failed="0" inconclusive="0"
						skipped="0" asserts="0">
						<properties />
						<test-suite type="TestSuite" id="1290" name="Tests" fullname="Ulisses.Core.Extensions.Tests" runstate="Runnable" testcasecount="4"
							result="Passed" start-time="2022-07-20 18:31:39Z" end-time="2022-07-20 18:31:39Z" duration="0.044939" total="4" passed="4" failed="0" inconclusive="0"
							skipped="0" asserts="0">
							<properties />
							<test-suite type="TestSuite" id="1291" name="EditMode" fullname="Ulisses.Core.Extensions.Tests.EditMode" runstate="Runnable" testcasecount="4"
								result="Passed" start-time="2022-07-20 18:31:39Z" end-time="2022-07-20 18:31:39Z" duration="0.041321" total="4" passed="4" failed="0" inconclusive="0"
								skipped="0" asserts="0">
								<properties />
								<test-suite type="TestFixture" id="1280" name="StringExtensionsTests" fullname="Ulisses.Core.Extensions.Tests.EditMode.StringExtensionsTests"
									classname="Ulisses.Core.Extensions.Tests.EditMode.StringExtensionsTests" runstate="Runnable" testcasecount="4" result="Passed"
									start-time="2022-07-20 18:31:39Z" end-time="2022-07-20 18:31:39Z" duration="0.036713" total="4" passed="4" failed="0" inconclusive="0" skipped="0"
									asserts="0">
									<properties />
									<test-suite type="ParameterizedMethod" id="1285" name="TestIndexer"
										fullname="Ulisses.Core.Extensions.Tests.EditMode.StringExtensionsTests.TestIndexer"
										classname="Ulisses.Core.Extensions.Tests.EditMode.StringExtensionsTests" runstate="Runnable" testcasecount="4" result="Passed"
										start-time="2022-07-20 18:31:39Z" end-time="2022-07-20 18:31:39Z" duration="0.030970" total="4" passed="4" failed="0" inconclusive="0" skipped="0"
										asserts="0">
										<properties />
										<test-case id="1281" name="TestIndexer(&quot;&quot;,&quot;&quot;,False)"
											fullname="Ulisses.Core.Extensions.Tests.EditMode.StringExtensionsTests.TestIndexer(&quot;&quot;,&quot;&quot;,False)" methodname="TestIndexer"
											classname="Ulisses.Core.Extensions.Tests.EditMode.StringExtensionsTests" runstate="Runnable" seed="309564255" result="Passed"
											start-time="2022-07-20 18:31:39Z" end-time="2022-07-20 18:31:39Z" duration="0.017429" asserts="0">
											<properties />
										</test-case>
										<test-case id="1282" name="TestIndexer(&quot;[]&quot;,&quot;&quot;,True)"
											fullname="Ulisses.Core.Extensions.Tests.EditMode.StringExtensionsTests.TestIndexer(&quot;[]&quot;,&quot;&quot;,True)" methodname="TestIndexer"
											classname="Ulisses.Core.Extensions.Tests.EditMode.StringExtensionsTests" runstate="Runnable" seed="520490605" result="Passed"
											start-time="2022-07-20 18:31:39Z" end-time="2022-07-20 18:31:39Z" duration="0.000240" asserts="0">
											<properties />
										</test-case>
										<test-case id="1283" name="TestIndexer(&quot;hello[world]&quot;,&quot;hello&quot;,True)"
											fullname="Ulisses.Core.Extensions.Tests.EditMode.StringExtensionsTests.TestIndexer(&quot;hello[world]&quot;,&quot;hello&quot;,True)"
											methodname="TestIndexer" classname="Ulisses.Core.Extensions.Tests.EditMode.StringExtensionsTests" runstate="Runnable" seed="1725477487"
											result="Passed" start-time="2022-07-20 18:31:39Z" end-time="2022-07-20 18:31:39Z" duration="0.000235" asserts="0">
											<properties />
										</test-case>
										<test-case id="1284" name="TestIndexer(&quot;hello[]world&quot;,&quot;hello[]world&quot;,False)"
											fullname="Ulisses.Core.Extensions.Tests.EditMode.StringExtensionsTests.TestIndexer(&quot;hello[]world&quot;,&quot;hello[]world&quot;,False)"
											methodname="TestIndexer" classname="Ulisses.Core.Extensions.Tests.EditMode.StringExtensionsTests" runstate="Runnable" seed="1258429995"
											result="Passed" start-time="2022-07-20 18:31:39Z" end-time="2022-07-20 18:31:39Z" duration="0.000143" asserts="0">
											<properties />
										</test-case>
									</test-suite>
								</test-suite>
							</test-suite>
						</test-suite>
					</test-suite>
				</test-suite>
			</test-suite>
		</test-suite>
		<test-suite type="Assembly" id="1453" name="Ulisses.Core.Mesh2D.Tests.EditMode.dll"
			fullname="C:/Users/Daniel Schulz/Desktop/Unity/Ulisses.Core/Library/ScriptAssemblies/Ulisses.Core.Mesh2D.Tests.EditMode.dll" runstate="Runnable"
			testcasecount="131" result="Failed" site="Child" start-time="2022-07-20 18:31:39Z" end-time="2022-07-20 18:31:39Z" duration="0.177171" total="131"
			passed="129" failed="2" inconclusive="0" skipped="0" asserts="0">
			<properties>
				<property name="_PID" value="160" />
				<property name="_APPDOMAIN" value="Unity Child Domain" />
				<property name="platform" value="EditMode" />
			</properties>
			<failure>
				<message><![CDATA[One or more child tests had errors]]></message>
			</failure>
			<test-suite type="TestSuite" id="1454" name="Ulisses" fullname="Ulisses" runstate="Runnable" testcasecount="131" result="Failed" site="Child"
				start-time="2022-07-20 18:31:39Z" end-time="2022-07-20 18:31:39Z" duration="0.174747" total="131" passed="129" failed="2" inconclusive="0" skipped="0"
				asserts="0">
				<properties />
				<failure>
					<message><![CDATA[One or more child tests had errors]]></message>
				</failure>
				<test-suite type="TestSuite" id="1455" name="Core" fullname="Ulisses.Core" runstate="Runnable" testcasecount="131" result="Failed" site="Child"
					start-time="2022-07-20 18:31:39Z" end-time="2022-07-20 18:31:39Z" duration="0.170584" total="131" passed="129" failed="2" inconclusive="0" skipped="0"
					asserts="0">
					<properties />
					<failure>
						<message><![CDATA[One or more child tests had errors]]></message>
					</failure>
					<test-suite type="TestSuite" id="1456" name="Mesh2D" fullname="Ulisses.Core.Mesh2D" runstate="Runnable" testcasecount="131" result="Failed"
						site="Child" start-time="2022-07-20 18:31:39Z" end-time="2022-07-20 18:31:39Z" duration="0.167050" total="131" passed="129" failed="2" inconclusive="0"
						skipped="0" asserts="0">
						<properties />
						<failure>
							<message><![CDATA[One or more child tests had errors]]></message>
						</failure>
						<test-suite type="TestSuite" id="1457" name="Tests" fullname="Ulisses.Core.Mesh2D.Tests" runstate="Runnable" testcasecount="131"
							result="Failed" site="Child" start-time="2022-07-20 18:31:39Z" end-time="2022-07-20 18:31:39Z" duration="0.163511" total="131" passed="129" failed="2"
							inconclusive="0" skipped="0" asserts="0">
							<properties />
							<failure>
								<message><![CDATA[One or more child tests had errors]]></message>
							</failure>
							<test-suite type="TestSuite" id="1458" name="EditMode" fullname="Ulisses.Core.Mesh2D.Tests.EditMode" runstate="Runnable" testcasecount="131"
								result="Failed" site="Child" start-time="2022-07-20 18:31:39Z" end-time="2022-07-20 18:31:39Z" duration="0.158906" total="131" passed="129" failed="2"
								inconclusive="0" skipped="0" asserts="0">
								<properties />
								<failure>
									<message><![CDATA[One or more child tests had errors]]></message>
								</failure>
								<test-suite type="TestFixture" id="1292" name="CircleMeshTests" fullname="Ulisses.Core.Mesh2D.Tests.EditMode.CircleMeshTests"
									classname="Ulisses.Core.Mesh2D.Tests.EditMode.CircleMeshTests" runstate="Runnable" testcasecount="41" result="Passed" start-time="2022-07-20 18:31:39Z"
									end-time="2022-07-20 18:31:39Z" duration="0.078264" total="41" passed="41" failed="0" inconclusive="0" skipped="0" asserts="0">
									<properties />
									<test-suite type="ParameterizedMethod" id="1343" name="TestBoundingPolygonContains"
										fullname="Ulisses.Core.Mesh2D.Tests.EditMode.CircleMeshTests.TestBoundingPolygonContains"
										classname="Ulisses.Core.Mesh2D.Tests.EditMode.CircleMeshTests" runstate="Runnable" testcasecount="5" result="Passed" start-time="2022-07-20 18:31:39Z"
										end-time="2022-07-20 18:31:39Z" duration="0.005547" total="5" passed="5" failed="0" inconclusive="0" skipped="0" asserts="0">
										<properties />
										<test-case id="1338" name="TestBoundingPolygonContains(0,0,1,0,0,True)"
											fullname="Ulisses.Core.Mesh2D.Tests.EditMode.CircleMeshTests.TestBoundingPolygonContains(0,0,1,0,0,True)" methodname="TestBoundingPolygonContains"
											classname="Ulisses.Core.Mesh2D.Tests.EditMode.CircleMeshTests" runstate="Runnable" seed="1403516994" result="Passed"
											start-time="2022-07-20 18:31:39Z" end-time="2022-07-20 18:31:39Z" duration="0.001196" asserts="0">
											<properties />
										</test-case>
										<test-case id="1339" name="TestBoundingPolygonContains(0,0,2,1,0,True)"
											fullname="Ulisses.Core.Mesh2D.Tests.EditMode.CircleMeshTests.TestBoundingPolygonContains(0,0,2,1,0,True)" methodname="TestBoundingPolygonContains"
											classname="Ulisses.Core.Mesh2D.Tests.EditMode.CircleMeshTests" runstate="Runnable" seed="806362693" result="Passed" start-time="2022-07-20 18:31:39Z"
											end-time="2022-07-20 18:31:39Z" duration="0.000141" asserts="0">
											<properties />
										</test-case>
										<test-case id="1340" name="TestBoundingPolygonContains(0,0,2,0,1,True)"
											fullname="Ulisses.Core.Mesh2D.Tests.EditMode.CircleMeshTests.TestBoundingPolygonContains(0,0,2,0,1,True)" methodname="TestBoundingPolygonContains"
											classname="Ulisses.Core.Mesh2D.Tests.EditMode.CircleMeshTests" runstate="Runnable" seed="362510694" result="Passed" start-time="2022-07-20 18:31:39Z"
											end-time="2022-07-20 18:31:39Z" duration="0.000120" asserts="0">
											<properties />
										</test-case>
										<test-case id="1341" name="TestBoundingPolygonContains(0,0,1,1,1,False)"
											fullname="Ulisses.Core.Mesh2D.Tests.EditMode.CircleMeshTests.TestBoundingPolygonContains(0,0,1,1,1,False)" methodname="TestBoundingPolygonContains"
											classname="Ulisses.Core.Mesh2D.Tests.EditMode.CircleMeshTests" runstate="Runnable" seed="962565937" result="Passed" start-time="2022-07-20 18:31:39Z"
											end-time="2022-07-20 18:31:39Z" duration="0.000125" asserts="0">
											<properties />
										</test-case>
										<test-case id="1342" name="TestBoundingPolygonContains(1,1,1,1,1,True)"
											fullname="Ulisses.Core.Mesh2D.Tests.EditMode.CircleMeshTests.TestBoundingPolygonContains(1,1,1,1,1,True)" methodname="TestBoundingPolygonContains"
											classname="Ulisses.Core.Mesh2D.Tests.EditMode.CircleMeshTests" runstate="Runnable" seed="65636475" result="Passed" start-time="2022-07-20 18:31:39Z"
											end-time="2022-07-20 18:31:39Z" duration="0.000108" asserts="0">
											<properties />
										</test-case>
									</test-suite>
									<test-suite type="ParameterizedMethod" id="1295" name="TestConstructor"
										fullname="Ulisses.Core.Mesh2D.Tests.EditMode.CircleMeshTests.TestConstructor" classname="Ulisses.Core.Mesh2D.Tests.EditMode.CircleMeshTests"
										runstate="Runnable" testcasecount="2" result="Passed" start-time="2022-07-20 18:31:39Z" end-time="2022-07-20 18:31:39Z" duration="0.002107" total="2"
										passed="2" failed="0" inconclusive="0" skipped="0" asserts="0">
										<properties />
										<test-case id="1293" name="TestConstructor(0,0,0)" fullname="Ulisses.Core.Mesh2D.Tests.EditMode.CircleMeshTests.TestConstructor(0,0,0)"
											methodname="TestConstructor" classname="Ulisses.Core.Mesh2D.Tests.EditMode.CircleMeshTests" runstate="Runnable" seed="1167473486" result="Passed"
											start-time="2022-07-20 18:31:39Z" end-time="2022-07-20 18:31:39Z" duration="0.001359" asserts="0">
											<properties />
										</test-case>
										<test-case id="1294" name="TestConstructor(1,2,3)" fullname="Ulisses.Core.Mesh2D.Tests.EditMode.CircleMeshTests.TestConstructor(1,2,3)"
											methodname="TestConstructor" classname="Ulisses.Core.Mesh2D.Tests.EditMode.CircleMeshTests" runstate="Runnable" seed="2085803563" result="Passed"
											start-time="2022-07-20 18:31:39Z" end-time="2022-07-20 18:31:39Z" duration="0.000119" asserts="0">
											<properties />
										</test-case>
									</test-suite>
									<test-suite type="ParameterizedMethod" id="1337" name="TestContains"
										fullname="Ulisses.Core.Mesh2D.Tests.EditMode.CircleMeshTests.TestContains" classname="Ulisses.Core.Mesh2D.Tests.EditMode.CircleMeshTests"
										runstate="Runnable" testcasecount="5" result="Passed" start-time="2022-07-20 18:31:39Z" end-time="2022-07-20 18:31:39Z" duration="0.003393" total="5"
										passed="5" failed="0" inconclusive="0" skipped="0" asserts="0">
										<properties />
										<test-case id="1332" name="TestContains(0,0,1,0,0,True)"
											fullname="Ulisses.Core.Mesh2D.Tests.EditMode.CircleMeshTests.TestContains(0,0,1,0,0,True)" methodname="TestContains"
											classname="Ulisses.Core.Mesh2D.Tests.EditMode.CircleMeshTests" runstate="Runnable" seed="351149640" result="Passed" start-time="2022-07-20 18:31:39Z"
											end-time="2022-07-20 18:31:39Z" duration="0.000323" asserts="0">
											<properties />
										</test-case>
										<test-case id="1333" name="TestContains(0,0,1,1,0,True)"
											fullname="Ulisses.Core.Mesh2D.Tests.EditMode.CircleMeshTests.TestContains(0,0,1,1,0,True)" methodname="TestContains"
											classname="Ulisses.Core.Mesh2D.Tests.EditMode.CircleMeshTests" runstate="Runnable" seed="1590756320" result="Passed"
											start-time="2022-07-20 18:31:39Z" end-time="2022-07-20 18:31:39Z" duration="0.000117" asserts="0">
											<properties />
										</test-case>
										<test-case id="1334" name="TestContains(0,0,1,0,1,True)"
											fullname="Ulisses.Core.Mesh2D.Tests.EditMode.CircleMeshTests.TestContains(0,0,1,0,1,True)" methodname="TestContains"
											classname="Ulisses.Core.Mesh2D.Tests.EditMode.CircleMeshTests" runstate="Runnable" seed="254410505" result="Passed" start-time="2022-07-20 18:31:39Z"
											end-time="2022-07-20 18:31:39Z" duration="0.000129" asserts="0">
											<properties />
										</test-case>
										<test-case id="1335" name="TestContains(0,0,1,1,1,False)"
											fullname="Ulisses.Core.Mesh2D.Tests.EditMode.CircleMeshTests.TestContains(0,0,1,1,1,False)" methodname="TestContains"
											classname="Ulisses.Core.Mesh2D.Tests.EditMode.CircleMeshTests" runstate="Runnable" seed="2044127051" result="Passed"
											start-time="2022-07-20 18:31:39Z" end-time="2022-07-20 18:31:39Z" duration="0.000111" asserts="0">
											<properties />
										</test-case>
										<test-case id="1336" name="TestContains(1,1,1,1,1,True)"
											fullname="Ulisses.Core.Mesh2D.Tests.EditMode.CircleMeshTests.TestContains(1,1,1,1,1,True)" methodname="TestContains"
											classname="Ulisses.Core.Mesh2D.Tests.EditMode.CircleMeshTests" runstate="Runnable" seed="1941876850" result="Passed"
											start-time="2022-07-20 18:31:39Z" end-time="2022-07-20 18:31:39Z" duration="0.000103" asserts="0">
											<properties />
										</test-case>
									</test-suite>
									<test-suite type="ParameterizedMethod" id="1325" name="TestEqualityOperator"
										fullname="Ulisses.Core.Mesh2D.Tests.EditMode.CircleMeshTests.TestEqualityOperator" classname="Ulisses.Core.Mesh2D.Tests.EditMode.CircleMeshTests"
										runstate="Runnable" testcasecount="5" result="Passed" start-time="2022-07-20 18:31:39Z" end-time="2022-07-20 18:31:39Z" duration="0.042153" total="5"
										passed="5" failed="0" inconclusive="0" skipped="0" asserts="0">
										<properties />
										<test-case id="1320" name="TestEqualityOperator(0,0,0,0,0,0,True)"
											fullname="Ulisses.Core.Mesh2D.Tests.EditMode.CircleMeshTests.TestEqualityOperator(0,0,0,0,0,0,True)" methodname="TestEqualityOperator"
											classname="Ulisses.Core.Mesh2D.Tests.EditMode.CircleMeshTests" runstate="Runnable" seed="1822169438" result="Passed"
											start-time="2022-07-20 18:31:39Z" end-time="2022-07-20 18:31:39Z" duration="0.000579" asserts="0">
											<properties />
										</test-case>
										<test-case id="1321" name="TestEqualityOperator(1,2,3,1,2,3,True)"
											fullname="Ulisses.Core.Mesh2D.Tests.EditMode.CircleMeshTests.TestEqualityOperator(1,2,3,1,2,3,True)" methodname="TestEqualityOperator"
											classname="Ulisses.Core.Mesh2D.Tests.EditMode.CircleMeshTests" runstate="Runnable" seed="1234591586" result="Passed"
											start-time="2022-07-20 18:31:39Z" end-time="2022-07-20 18:31:39Z" duration="0.000148" asserts="0">
											<properties />
										</test-case>
										<test-case id="1322" name="TestEqualityOperator(0,0,0,1,0,0,False)"
											fullname="Ulisses.Core.Mesh2D.Tests.EditMode.CircleMeshTests.TestEqualityOperator(0,0,0,1,0,0,False)" methodname="TestEqualityOperator"
											classname="Ulisses.Core.Mesh2D.Tests.EditMode.CircleMeshTests" runstate="Runnable" seed="552076134" result="Passed" start-time="2022-07-20 18:31:39Z"
											end-time="2022-07-20 18:31:39Z" duration="0.000129" asserts="0">
											<properties />
										</test-case>
										<test-case id="1323" name="TestEqualityOperator(0,0,0,0,1,0,False)"
											fullname="Ulisses.Core.Mesh2D.Tests.EditMode.CircleMeshTests.TestEqualityOperator(0,0,0,0,1,0,False)" methodname="TestEqualityOperator"
											classname="Ulisses.Core.Mesh2D.Tests.EditMode.CircleMeshTests" runstate="Runnable" seed="57413717" result="Passed" start-time="2022-07-20 18:31:39Z"
											end-time="2022-07-20 18:31:39Z" duration="0.000108" asserts="0">
											<properties />
										</test-case>
										<test-case id="1324" name="TestEqualityOperator(0,0,0,0,0,1,False)"
											fullname="Ulisses.Core.Mesh2D.Tests.EditMode.CircleMeshTests.TestEqualityOperator(0,0,0,0,0,1,False)" methodname="TestEqualityOperator"
											classname="Ulisses.Core.Mesh2D.Tests.EditMode.CircleMeshTests" runstate="Runnable" seed="878876862" result="Passed" start-time="2022-07-20 18:31:39Z"
											end-time="2022-07-20 18:31:39Z" duration="0.000106" asserts="0">
											<properties />
										</test-case>
									</test-suite>
									<test-suite type="ParameterizedMethod" id="1310" name="TestEqualsCircleMeshObject"
										fullname="Ulisses.Core.Mesh2D.Tests.EditMode.CircleMeshTests.TestEqualsCircleMeshObject"
										classname="Ulisses.Core.Mesh2D.Tests.EditMode.CircleMeshTests" runstate="Runnable" testcasecount="5" result="Passed" start-time="2022-07-20 18:31:39Z"
										end-time="2022-07-20 18:31:39Z" duration="0.002051" total="5" passed="5" failed="0" inconclusive="0" skipped="0" asserts="0">
										<properties />
										<test-case id="1305" name="TestEqualsCircleMeshObject(0,0,0,0,0,0,True)"
											fullname="Ulisses.Core.Mesh2D.Tests.EditMode.CircleMeshTests.TestEqualsCircleMeshObject(0,0,0,0,0,0,True)" methodname="TestEqualsCircleMeshObject"
											classname="Ulisses.Core.Mesh2D.Tests.EditMode.CircleMeshTests" runstate="Runnable" seed="539109880" result="Passed" start-time="2022-07-20 18:31:39Z"
											end-time="2022-07-20 18:31:39Z" duration="0.000308" asserts="0">
											<properties />
										</test-case>
										<test-case id="1306" name="TestEqualsCircleMeshObject(1,2,3,1,2,3,True)"
											fullname="Ulisses.Core.Mesh2D.Tests.EditMode.CircleMeshTests.TestEqualsCircleMeshObject(1,2,3,1,2,3,True)" methodname="TestEqualsCircleMeshObject"
											classname="Ulisses.Core.Mesh2D.Tests.EditMode.CircleMeshTests" runstate="Runnable" seed="1211823241" result="Passed"
											start-time="2022-07-20 18:31:39Z" end-time="2022-07-20 18:31:39Z" duration="0.000111" asserts="0">
											<properties />
										</test-case>
										<test-case id="1307" name="TestEqualsCircleMeshObject(0,0,0,1,0,0,False)"
											fullname="Ulisses.Core.Mesh2D.Tests.EditMode.CircleMeshTests.TestEqualsCircleMeshObject(0,0,0,1,0,0,False)" methodname="TestEqualsCircleMeshObject"
											classname="Ulisses.Core.Mesh2D.Tests.EditMode.CircleMeshTests" runstate="Runnable" seed="1166794918" result="Passed"
											start-time="2022-07-20 18:31:39Z" end-time="2022-07-20 18:31:39Z" duration="0.000128" asserts="0">
											<properties />
										</test-case>
										<test-case id="1308" name="TestEqualsCircleMeshObject(0,0,0,0,1,0,False)"
											fullname="Ulisses.Core.Mesh2D.Tests.EditMode.CircleMeshTests.TestEqualsCircleMeshObject(0,0,0,0,1,0,False)" methodname="TestEqualsCircleMeshObject"
											classname="Ulisses.Core.Mesh2D.Tests.EditMode.CircleMeshTests" runstate="Runnable" seed="1580855104" result="Passed"
											start-time="2022-07-20 18:31:39Z" end-time="2022-07-20 18:31:39Z" duration="0.000111" asserts="0">
											<properties />
										</test-case>
										<test-case id="1309" name="TestEqualsCircleMeshObject(0,0,0,0,0,1,False)"
											fullname="Ulisses.Core.Mesh2D.Tests.EditMode.CircleMeshTests.TestEqualsCircleMeshObject(0,0,0,0,0,1,False)" methodname="TestEqualsCircleMeshObject"
											classname="Ulisses.Core.Mesh2D.Tests.EditMode.CircleMeshTests" runstate="Runnable" seed="354646555" result="Passed" start-time="2022-07-20 18:31:39Z"
											end-time="2022-07-20 18:31:39Z" duration="0.000116" asserts="0">
											<properties />
										</test-case>
									</test-suite>
									<test-suite type="ParameterizedMethod" id="1304" name="TestEqualsCircleMeshStruct"
										fullname="Ulisses.Core.Mesh2D.Tests.EditMode.CircleMeshTests.TestEqualsCircleMeshStruct"
										classname="Ulisses.Core.Mesh2D.Tests.EditMode.CircleMeshTests" runstate="Runnable" testcasecount="5" result="Passed" start-time="2022-07-20 18:31:39Z"
										end-time="2022-07-20 18:31:39Z" duration="0.002751" total="5" passed="5" failed="0" inconclusive="0" skipped="0" asserts="0">
										<properties />
										<test-case id="1299" name="TestEqualsCircleMeshStruct(0,0,0,0,0,0,True)"
											fullname="Ulisses.Core.Mesh2D.Tests.EditMode.CircleMeshTests.TestEqualsCircleMeshStruct(0,0,0,0,0,0,True)" methodname="TestEqualsCircleMeshStruct"
											classname="Ulisses.Core.Mesh2D.Tests.EditMode.CircleMeshTests" runstate="Runnable" seed="1753896997" result="Passed"
											start-time="2022-07-20 18:31:39Z" end-time="2022-07-20 18:31:39Z" duration="0.000297" asserts="0">
											<properties />
										</test-case>
										<test-case id="1300" name="TestEqualsCircleMeshStruct(1,2,3,1,2,3,True)"
											fullname="Ulisses.Core.Mesh2D.Tests.EditMode.CircleMeshTests.TestEqualsCircleMeshStruct(1,2,3,1,2,3,True)" methodname="TestEqualsCircleMeshStruct"
											classname="Ulisses.Core.Mesh2D.Tests.EditMode.CircleMeshTests" runstate="Runnable" seed="315235186" result="Passed" start-time="2022-07-20 18:31:39Z"
											end-time="2022-07-20 18:31:39Z" duration="0.000109" asserts="0">
											<properties />
										</test-case>
										<test-case id="1301" name="TestEqualsCircleMeshStruct(0,0,0,1,0,0,False)"
											fullname="Ulisses.Core.Mesh2D.Tests.EditMode.CircleMeshTests.TestEqualsCircleMeshStruct(0,0,0,1,0,0,False)" methodname="TestEqualsCircleMeshStruct"
											classname="Ulisses.Core.Mesh2D.Tests.EditMode.CircleMeshTests" runstate="Runnable" seed="1210568459" result="Passed"
											start-time="2022-07-20 18:31:39Z" end-time="2022-07-20 18:31:39Z" duration="0.000104" asserts="0">
											<properties />
										</test-case>
										<test-case id="1302" name="TestEqualsCircleMeshStruct(0,0,0,0,1,0,False)"
											fullname="Ulisses.Core.Mesh2D.Tests.EditMode.CircleMeshTests.TestEqualsCircleMeshStruct(0,0,0,0,1,0,False)" methodname="TestEqualsCircleMeshStruct"
											classname="Ulisses.Core.Mesh2D.Tests.EditMode.CircleMeshTests" runstate="Runnable" seed="1832313685" result="Passed"
											start-time="2022-07-20 18:31:39Z" end-time="2022-07-20 18:31:39Z" duration="0.000099" asserts="0">
											<properties />
										</test-case>
										<test-case id="1303" name="TestEqualsCircleMeshStruct(0,0,0,0,0,1,False)"
											fullname="Ulisses.Core.Mesh2D.Tests.EditMode.CircleMeshTests.TestEqualsCircleMeshStruct(0,0,0,0,0,1,False)" methodname="TestEqualsCircleMeshStruct"
											classname="Ulisses.Core.Mesh2D.Tests.EditMode.CircleMeshTests" runstate="Runnable" seed="345516191" result="Passed" start-time="2022-07-20 18:31:39Z"
											end-time="2022-07-20 18:31:39Z" duration="0.000101" asserts="0">
											<properties />
										</test-case>
									</test-suite>
									<test-suite type="ParameterizedMethod" id="1313" name="TestEqualsNullReference"
										fullname="Ulisses.Core.Mesh2D.Tests.EditMode.CircleMeshTests.TestEqualsNullReference" classname="Ulisses.Core.Mesh2D.Tests.EditMode.CircleMeshTests"
										runstate="Runnable" testcasecount="2" result="Passed" start-time="2022-07-20 18:31:39Z" end-time="2022-07-20 18:31:39Z" duration="0.004238" total="2"
										passed="2" failed="0" inconclusive="0" skipped="0" asserts="0">
										<properties />
										<test-case id="1311" name="TestEqualsNullReference(0,0,0)"
											fullname="Ulisses.Core.Mesh2D.Tests.EditMode.CircleMeshTests.TestEqualsNullReference(0,0,0)" methodname="TestEqualsNullReference"
											classname="Ulisses.Core.Mesh2D.Tests.EditMode.CircleMeshTests" runstate="Runnable" seed="1580462278" result="Passed"
											start-time="2022-07-20 18:31:39Z" end-time="2022-07-20 18:31:39Z" duration="0.000474" asserts="0">
											<properties />
										</test-case>
										<test-case id="1312" name="TestEqualsNullReference(1,2,3)"
											fullname="Ulisses.Core.Mesh2D.Tests.EditMode.CircleMeshTests.TestEqualsNullReference(1,2,3)" methodname="TestEqualsNullReference"
											classname="Ulisses.Core.Mesh2D.Tests.EditMode.CircleMeshTests" runstate="Runnable" seed="372694474" result="Passed" start-time="2022-07-20 18:31:39Z"
											end-time="2022-07-20 18:31:39Z" duration="0.000108" asserts="0">
											<properties />
										</test-case>
									</test-suite>
									<test-suite type="ParameterizedMethod" id="1319" name="TestGetHashCode"
										fullname="Ulisses.Core.Mesh2D.Tests.EditMode.CircleMeshTests.TestGetHashCode" classname="Ulisses.Core.Mesh2D.Tests.EditMode.CircleMeshTests"
										runstate="Runnable" testcasecount="5" result="Passed" start-time="2022-07-20 18:31:39Z" end-time="2022-07-20 18:31:39Z" duration="0.003500" total="5"
										passed="5" failed="0" inconclusive="0" skipped="0" asserts="0">
										<properties />
										<test-case id="1314" name="TestGetHashCode(0,0,0,0,0,0,True)"
											fullname="Ulisses.Core.Mesh2D.Tests.EditMode.CircleMeshTests.TestGetHashCode(0,0,0,0,0,0,True)" methodname="TestGetHashCode"
											classname="Ulisses.Core.Mesh2D.Tests.EditMode.CircleMeshTests" runstate="Runnable" seed="206200771" result="Passed" start-time="2022-07-20 18:31:39Z"
											end-time="2022-07-20 18:31:39Z" duration="0.000375" asserts="0">
											<properties />
										</test-case>
										<test-case id="1315" name="TestGetHashCode(1,2,3,1,2,3,True)"
											fullname="Ulisses.Core.Mesh2D.Tests.EditMode.CircleMeshTests.TestGetHashCode(1,2,3,1,2,3,True)" methodname="TestGetHashCode"
											classname="Ulisses.Core.Mesh2D.Tests.EditMode.CircleMeshTests" runstate="Runnable" seed="299571987" result="Passed" start-time="2022-07-20 18:31:39Z"
											end-time="2022-07-20 18:31:39Z" duration="0.000113" asserts="0">
											<properties />
										</test-case>
										<test-case id="1316" name="TestGetHashCode(0,0,0,1,0,0,False)"
											fullname="Ulisses.Core.Mesh2D.Tests.EditMode.CircleMeshTests.TestGetHashCode(0,0,0,1,0,0,False)" methodname="TestGetHashCode"
											classname="Ulisses.Core.Mesh2D.Tests.EditMode.CircleMeshTests" runstate="Runnable" seed="1017409149" result="Passed"
											start-time="2022-07-20 18:31:39Z" end-time="2022-07-20 18:31:39Z" duration="0.000113" asserts="0">
											<properties />
										</test-case>
										<test-case id="1317" name="TestGetHashCode(0,0,0,0,1,0,False)"
											fullname="Ulisses.Core.Mesh2D.Tests.EditMode.CircleMeshTests.TestGetHashCode(0,0,0,0,1,0,False)" methodname="TestGetHashCode"
											classname="Ulisses.Core.Mesh2D.Tests.EditMode.CircleMeshTests" runstate="Runnable" seed="1046478034" result="Passed"
											start-time="2022-07-20 18:31:39Z" end-time="2022-07-20 18:31:39Z" duration="0.000103" asserts="0">
											<properties />
										</test-case>
										<test-case id="1318" name="TestGetHashCode(0,0,0,0,0,1,False)"
											fullname="Ulisses.Core.Mesh2D.Tests.EditMode.CircleMeshTests.TestGetHashCode(0,0,0,0,0,1,False)" methodname="TestGetHashCode"
											classname="Ulisses.Core.Mesh2D.Tests.EditMode.CircleMeshTests" runstate="Runnable" seed="2019913784" result="Passed"
											start-time="2022-07-20 18:31:39Z" end-time="2022-07-20 18:31:39Z" duration="0.000103" asserts="0">
											<properties />
										</test-case>
									</test-suite>
									<test-suite type="ParameterizedMethod" id="1298" name="TestHasArea"
										fullname="Ulisses.Core.Mesh2D.Tests.EditMode.CircleMeshTests.TestHasArea" classname="Ulisses.Core.Mesh2D.Tests.EditMode.CircleMeshTests"
										runstate="Runnable" testcasecount="2" result="Passed" start-time="2022-07-20 18:31:39Z" end-time="2022-07-20 18:31:39Z" duration="0.002457" total="2"
										passed="2" failed="0" inconclusive="0" skipped="0" asserts="0">
										<properties />
										<test-case id="1296" name="TestHasArea(0,0,0,False)" fullname="Ulisses.Core.Mesh2D.Tests.EditMode.CircleMeshTests.TestHasArea(0,0,0,False)"
											methodname="TestHasArea" classname="Ulisses.Core.Mesh2D.Tests.EditMode.CircleMeshTests" runstate="Runnable" seed="1327157881" result="Passed"
											start-time="2022-07-20 18:31:39Z" end-time="2022-07-20 18:31:39Z" duration="0.000300" asserts="0">
											<properties />
										</test-case>
										<test-case id="1297" name="TestHasArea(1,2,3,True)" fullname="Ulisses.Core.Mesh2D.Tests.EditMode.CircleMeshTests.TestHasArea(1,2,3,True)"
											methodname="TestHasArea" classname="Ulisses.Core.Mesh2D.Tests.EditMode.CircleMeshTests" runstate="Runnable" seed="785328537" result="Passed"
											start-time="2022-07-20 18:31:39Z" end-time="2022-07-20 18:31:39Z" duration="0.000128" asserts="0">
											<properties />
										</test-case>
									</test-suite>
									<test-suite type="ParameterizedMethod" id="1331" name="TestInequalityOperator"
										fullname="Ulisses.Core.Mesh2D.Tests.EditMode.CircleMeshTests.TestInequalityOperator" classname="Ulisses.Core.Mesh2D.Tests.EditMode.CircleMeshTests"
										runstate="Runnable" testcasecount="5" result="Passed" start-time="2022-07-20 18:31:39Z" end-time="2022-07-20 18:31:39Z" duration="0.005116" total="5"
										passed="5" failed="0" inconclusive="0" skipped="0" asserts="0">
										<properties />
										<test-case id="1326" name="TestInequalityOperator(0,0,0,0,0,0,False)"
											fullname="Ulisses.Core.Mesh2D.Tests.EditMode.CircleMeshTests.TestInequalityOperator(0,0,0,0,0,0,False)" methodname="TestInequalityOperator"
											classname="Ulisses.Core.Mesh2D.Tests.EditMode.CircleMeshTests" runstate="Runnable" seed="1367193372" result="Passed"
											start-time="2022-07-20 18:31:39Z" end-time="2022-07-20 18:31:39Z" duration="0.000359" asserts="0">
											<properties />
										</test-case>
										<test-case id="1327" name="TestInequalityOperator(1,2,3,1,2,3,False)"
											fullname="Ulisses.Core.Mesh2D.Tests.EditMode.CircleMeshTests.TestInequalityOperator(1,2,3,1,2,3,False)" methodname="TestInequalityOperator"
											classname="Ulisses.Core.Mesh2D.Tests.EditMode.CircleMeshTests" runstate="Runnable" seed="1688130006" result="Passed"
											start-time="2022-07-20 18:31:39Z" end-time="2022-07-20 18:31:39Z" duration="0.000120" asserts="0">
											<properties />
										</test-case>
										<test-case id="1328" name="TestInequalityOperator(0,0,0,1,0,0,True)"
											fullname="Ulisses.Core.Mesh2D.Tests.EditMode.CircleMeshTests.TestInequalityOperator(0,0,0,1,0,0,True)" methodname="TestInequalityOperator"
											classname="Ulisses.Core.Mesh2D.Tests.EditMode.CircleMeshTests" runstate="Runnable" seed="1532065214" result="Passed"
											start-time="2022-07-20 18:31:39Z" end-time="2022-07-20 18:31:39Z" duration="0.000107" asserts="0">
											<properties />
										</test-case>
										<test-case id="1329" name="TestInequalityOperator(0,0,0,0,1,0,True)"
											fullname="Ulisses.Core.Mesh2D.Tests.EditMode.CircleMeshTests.TestInequalityOperator(0,0,0,0,1,0,True)" methodname="TestInequalityOperator"
											classname="Ulisses.Core.Mesh2D.Tests.EditMode.CircleMeshTests" runstate="Runnable" seed="1516618775" result="Passed"
											start-time="2022-07-20 18:31:39Z" end-time="2022-07-20 18:31:39Z" duration="0.000103" asserts="0">
											<properties />
										</test-case>
										<test-case id="1330" name="TestInequalityOperator(0,0,0,0,0,1,True)"
											fullname="Ulisses.Core.Mesh2D.Tests.EditMode.CircleMeshTests.TestInequalityOperator(0,0,0,0,0,1,True)" methodname="TestInequalityOperator"
											classname="Ulisses.Core.Mesh2D.Tests.EditMode.CircleMeshTests" runstate="Runnable" seed="204592730" result="Passed" start-time="2022-07-20 18:31:39Z"
											end-time="2022-07-20 18:31:39Z" duration="0.000104" asserts="0">
											<properties />
										</test-case>
									</test-suite>
								</test-suite>
								<test-suite type="TestFixture" id="1344" name="IMesh2DTests" fullname="Ulisses.Core.Mesh2D.Tests.EditMode.IMesh2DTests"
									classname="Ulisses.Core.Mesh2D.Tests.EditMode.IMesh2DTests" runstate="Runnable" testcasecount="21" result="Passed" start-time="2022-07-20 18:31:39Z"
									end-time="2022-07-20 18:31:39Z" duration="0.016243" total="21" passed="21" failed="0" inconclusive="0" skipped="0" asserts="0">
									<properties />
									<test-suite type="ParameterizedMethod" id="1368" name="TestOverlapsBackward"
										fullname="Ulisses.Core.Mesh2D.Tests.EditMode.IMesh2DTests.TestOverlapsBackward" classname="Ulisses.Core.Mesh2D.Tests.EditMode.IMesh2DTests"
										runstate="Runnable" testcasecount="7" result="Passed" start-time="2022-07-20 18:31:39Z" end-time="2022-07-20 18:31:39Z" duration="0.007318" total="7"
										passed="7" failed="0" inconclusive="0" skipped="0" asserts="0">
										<properties />
										<test-case id="1361" name="TestOverlapsBackward((Circle (C=(0.00, 0.00); R=1; FFFFFF), Circle (C=(1.00, 1.00); R=1; FFFFFF), True))"
											fullname="Ulisses.Core.Mesh2D.Tests.EditMode.IMesh2DTests.TestOverlapsBackward((Circle (C=(0.00, 0.00); R=1; FFFFFF), Circle (C=(1.00, 1.00); R=1; FFFFFF), True))"
											methodname="TestOverlapsBackward" classname="Ulisses.Core.Mesh2D.Tests.EditMode.IMesh2DTests" runstate="Runnable" seed="479215148" result="Passed"
											start-time="2022-07-20 18:31:39Z" end-time="2022-07-20 18:31:39Z" duration="0.000699" asserts="0">
											<properties />
										</test-case>
										<test-case id="1362" name="TestOverlapsBackward((Circle (C=(0.00, 0.00); R=1; FFFFFF), Circle (C=(2.00, 2.00); R=1; FFFFFF), False))"
											fullname="Ulisses.Core.Mesh2D.Tests.EditMode.IMesh2DTests.TestOverlapsBackward((Circle (C=(0.00, 0.00); R=1; FFFFFF), Circle (C=(2.00, 2.00); R=1; FFFFFF), False))"
											methodname="TestOverlapsBackward" classname="Ulisses.Core.Mesh2D.Tests.EditMode.IMesh2DTests" runstate="Runnable" seed="1363725983" result="Passed"
											start-time="2022-07-20 18:31:39Z" end-time="2022-07-20 18:31:39Z" duration="0.000181" asserts="0">
											<properties />
										</test-case>
										<test-case id="1363"
											name="TestOverlapsBackward((Circle (C=(0.00, 0.00); R=1; FFFFFF), Rect (P=(0.00, 0.00); S=(1.00, 1.00); FFFFFF), True))"
											fullname="Ulisses.Core.Mesh2D.Tests.EditMode.IMesh2DTests.TestOverlapsBackward((Circle (C=(0.00, 0.00); R=1; FFFFFF), Rect (P=(0.00, 0.00); S=(1.00, 1.00); FFFFFF), True))"
											methodname="TestOverlapsBackward" classname="Ulisses.Core.Mesh2D.Tests.EditMode.IMesh2DTests" runstate="Runnable" seed="2075654302" result="Passed"
											start-time="2022-07-20 18:31:39Z" end-time="2022-07-20 18:31:39Z" duration="0.000332" asserts="0">
											<properties />
										</test-case>
										<test-case id="1364"
											name="TestOverlapsBackward((Circle (C=(0.00, 0.00); R=1; FFFFFF), Rect (P=(2.00, 2.00); S=(1.00, 1.00); FFFFFF), False))"
											fullname="Ulisses.Core.Mesh2D.Tests.EditMode.IMesh2DTests.TestOverlapsBackward((Circle (C=(0.00, 0.00); R=1; FFFFFF), Rect (P=(2.00, 2.00); S=(1.00, 1.00); FFFFFF), False))"
											methodname="TestOverlapsBackward" classname="Ulisses.Core.Mesh2D.Tests.EditMode.IMesh2DTests" runstate="Runnable" seed="1017459874" result="Passed"
											start-time="2022-07-20 18:31:39Z" end-time="2022-07-20 18:31:39Z" duration="0.000424" asserts="0">
											<properties />
										</test-case>
										<test-case id="1365"
											name="TestOverlapsBackward((Rect (P=(0.00, 0.00); S=(1.00, 1.00); FFFFFF), Rect (P=(1.00, 1.00); S=(1.00, 1.00); FFFFFF), True))"
											fullname="Ulisses.Core.Mesh2D.Tests.EditMode.IMesh2DTests.TestOverlapsBackward((Rect (P=(0.00, 0.00); S=(1.00, 1.00); FFFFFF), Rect (P=(1.00, 1.00); S=(1.00, 1.00); FFFFFF), True))"
											methodname="TestOverlapsBackward" classname="Ulisses.Core.Mesh2D.Tests.EditMode.IMesh2DTests" runstate="Runnable" seed="2136626095" result="Passed"
											start-time="2022-07-20 18:31:39Z" end-time="2022-07-20 18:31:39Z" duration="0.000261" asserts="0">
											<properties />
										</test-case>
										<test-case id="1366"
											name="TestOverlapsBackward((Rect (P=(0.00, 0.00); S=(1.00, 1.00); FFFFFF), Rect (P=(2.00, 2.00); S=(1.00, 1.00); FFFFFF), False))"
											fullname="Ulisses.Core.Mesh2D.Tests.EditMode.IMesh2DTests.TestOverlapsBackward((Rect (P=(0.00, 0.00); S=(1.00, 1.00); FFFFFF), Rect (P=(2.00, 2.00); S=(1.00, 1.00); FFFFFF), False))"
											methodname="TestOverlapsBackward" classname="Ulisses.Core.Mesh2D.Tests.EditMode.IMesh2DTests" runstate="Runnable" seed="1778849647" result="Passed"
											start-time="2022-07-20 18:31:39Z" end-time="2022-07-20 18:31:39Z" duration="0.000220" asserts="0">
											<properties />
										</test-case>
										<test-case id="1367"
											name="TestOverlapsBackward((Composite (Circle (C=(0.00, 0.00); R=1; FFFFFF), Rect (P=(0.00, 0.00); S=(1.00, 1.00); FFFFFF); FFFFFF), Circle (C=(1.00, 1.00); R=1; FFFFFF), True))"
											fullname="Ulisses.Core.Mesh2D.Tests.EditMode.IMesh2DTests.TestOverlapsBackward((Composite (Circle (C=(0.00, 0.00); R=1; FFFFFF), Rect (P=(0.00, 0.00); S=(1.00, 1.00); FFFFFF); FFFFFF), Circle (C=(1.00, 1.00); R=1; FFFFFF), True))"
											methodname="TestOverlapsBackward" classname="Ulisses.Core.Mesh2D.Tests.EditMode.IMesh2DTests" runstate="Runnable" seed="449215539" result="Passed"
											start-time="2022-07-20 18:31:39Z" end-time="2022-07-20 18:31:39Z" duration="0.000334" asserts="0">
											<properties />
										</test-case>
									</test-suite>
									<test-suite type="ParameterizedMethod" id="1360" name="TestOverlapsForwad"
										fullname="Ulisses.Core.Mesh2D.Tests.EditMode.IMesh2DTests.TestOverlapsForwad" classname="Ulisses.Core.Mesh2D.Tests.EditMode.IMesh2DTests"
										runstate="Runnable" testcasecount="7" result="Passed" start-time="2022-07-20 18:31:39Z" end-time="2022-07-20 18:31:39Z" duration="0.003570" total="7"
										passed="7" failed="0" inconclusive="0" skipped="0" asserts="0">
										<properties />
										<test-case id="1353" name="TestOverlapsForwad((Circle (C=(0.00, 0.00); R=1; FFFFFF), Circle (C=(1.00, 1.00); R=1; FFFFFF), True))"
											fullname="Ulisses.Core.Mesh2D.Tests.EditMode.IMesh2DTests.TestOverlapsForwad((Circle (C=(0.00, 0.00); R=1; FFFFFF), Circle (C=(1.00, 1.00); R=1; FFFFFF), True))"
											methodname="TestOverlapsForwad" classname="Ulisses.Core.Mesh2D.Tests.EditMode.IMesh2DTests" runstate="Runnable" seed="1704610755" result="Passed"
											start-time="2022-07-20 18:31:39Z" end-time="2022-07-20 18:31:39Z" duration="0.000241" asserts="0">
											<properties />
										</test-case>
										<test-case id="1354" name="TestOverlapsForwad((Circle (C=(0.00, 0.00); R=1; FFFFFF), Circle (C=(2.00, 2.00); R=1; FFFFFF), False))"
											fullname="Ulisses.Core.Mesh2D.Tests.EditMode.IMesh2DTests.TestOverlapsForwad((Circle (C=(0.00, 0.00); R=1; FFFFFF), Circle (C=(2.00, 2.00); R=1; FFFFFF), False))"
											methodname="TestOverlapsForwad" classname="Ulisses.Core.Mesh2D.Tests.EditMode.IMesh2DTests" runstate="Runnable" seed="685223115" result="Passed"
											start-time="2022-07-20 18:31:39Z" end-time="2022-07-20 18:31:39Z" duration="0.000129" asserts="0">
											<properties />
										</test-case>
										<test-case id="1355" name="TestOverlapsForwad((Circle (C=(0.00, 0.00); R=1; FFFFFF), Rect (P=(0.00, 0.00); S=(1.00, 1.00); FFFFFF), True))"
											fullname="Ulisses.Core.Mesh2D.Tests.EditMode.IMesh2DTests.TestOverlapsForwad((Circle (C=(0.00, 0.00); R=1; FFFFFF), Rect (P=(0.00, 0.00); S=(1.00, 1.00); FFFFFF), True))"
											methodname="TestOverlapsForwad" classname="Ulisses.Core.Mesh2D.Tests.EditMode.IMesh2DTests" runstate="Runnable" seed="1336508153" result="Passed"
											start-time="2022-07-20 18:31:39Z" end-time="2022-07-20 18:31:39Z" duration="0.000122" asserts="0">
											<properties />
										</test-case>
										<test-case id="1356" name="TestOverlapsForwad((Circle (C=(0.00, 0.00); R=1; FFFFFF), Rect (P=(2.00, 2.00); S=(1.00, 1.00); FFFFFF), False))"
											fullname="Ulisses.Core.Mesh2D.Tests.EditMode.IMesh2DTests.TestOverlapsForwad((Circle (C=(0.00, 0.00); R=1; FFFFFF), Rect (P=(2.00, 2.00); S=(1.00, 1.00); FFFFFF), False))"
											methodname="TestOverlapsForwad" classname="Ulisses.Core.Mesh2D.Tests.EditMode.IMesh2DTests" runstate="Runnable" seed="1398554088" result="Passed"
											start-time="2022-07-20 18:31:39Z" end-time="2022-07-20 18:31:39Z" duration="0.000158" asserts="0">
											<properties />
										</test-case>
										<test-case id="1357"
											name="TestOverlapsForwad((Rect (P=(0.00, 0.00); S=(1.00, 1.00); FFFFFF), Rect (P=(1.00, 1.00); S=(1.00, 1.00); FFFFFF), True))"
											fullname="Ulisses.Core.Mesh2D.Tests.EditMode.IMesh2DTests.TestOverlapsForwad((Rect (P=(0.00, 0.00); S=(1.00, 1.00); FFFFFF), Rect (P=(1.00, 1.00); S=(1.00, 1.00); FFFFFF), True))"
											methodname="TestOverlapsForwad" classname="Ulisses.Core.Mesh2D.Tests.EditMode.IMesh2DTests" runstate="Runnable" seed="2058354377" result="Passed"
											start-time="2022-07-20 18:31:39Z" end-time="2022-07-20 18:31:39Z" duration="0.000125" asserts="0">
											<properties />
										</test-case>
										<test-case id="1358"
											name="TestOverlapsForwad((Rect (P=(0.00, 0.00); S=(1.00, 1.00); FFFFFF), Rect (P=(2.00, 2.00); S=(1.00, 1.00); FFFFFF), False))"
											fullname="Ulisses.Core.Mesh2D.Tests.EditMode.IMesh2DTests.TestOverlapsForwad((Rect (P=(0.00, 0.00); S=(1.00, 1.00); FFFFFF), Rect (P=(2.00, 2.00); S=(1.00, 1.00); FFFFFF), False))"
											methodname="TestOverlapsForwad" classname="Ulisses.Core.Mesh2D.Tests.EditMode.IMesh2DTests" runstate="Runnable" seed="552272974" result="Passed"
											start-time="2022-07-20 18:31:39Z" end-time="2022-07-20 18:31:39Z" duration="0.000141" asserts="0">
											<properties />
										</test-case>
										<test-case id="1359"
											name="TestOverlapsForwad((Composite (Circle (C=(0.00, 0.00); R=1; FFFFFF), Rect (P=(0.00, 0.00); S=(1.00, 1.00); FFFFFF); FFFFFF), Circle (C=(1.00, 1.00); R=1; FFFFFF), True))"
											fullname="Ulisses.Core.Mesh2D.Tests.EditMode.IMesh2DTests.TestOverlapsForwad((Composite (Circle (C=(0.00, 0.00); R=1; FFFFFF), Rect (P=(0.00, 0.00); S=(1.00, 1.00); FFFFFF); FFFFFF), Circle (C=(1.00, 1.00); R=1; FFFFFF), True))"
											methodname="TestOverlapsForwad" classname="Ulisses.Core.Mesh2D.Tests.EditMode.IMesh2DTests" runstate="Runnable" seed="602271763" result="Passed"
											start-time="2022-07-20 18:31:39Z" end-time="2022-07-20 18:31:39Z" duration="0.000439" asserts="0">
											<properties />
										</test-case>
									</test-suite>
									<test-suite type="ParameterizedMethod" id="1352" name="TestOverlapsSelf"
										fullname="Ulisses.Core.Mesh2D.Tests.EditMode.IMesh2DTests.TestOverlapsSelf" classname="Ulisses.Core.Mesh2D.Tests.EditMode.IMesh2DTests"
										runstate="Runnable" testcasecount="7" result="Passed" start-time="2022-07-20 18:31:39Z" end-time="2022-07-20 18:31:39Z" duration="0.002638" total="7"
										passed="7" failed="0" inconclusive="0" skipped="0" asserts="0">
										<properties />
										<test-case id="1345" name="TestOverlapsSelf((Circle (C=(0.00, 0.00); R=1; FFFFFF), Circle (C=(1.00, 1.00); R=1; FFFFFF), True))"
											fullname="Ulisses.Core.Mesh2D.Tests.EditMode.IMesh2DTests.TestOverlapsSelf((Circle (C=(0.00, 0.00); R=1; FFFFFF), Circle (C=(1.00, 1.00); R=1; FFFFFF), True))"
											methodname="TestOverlapsSelf" classname="Ulisses.Core.Mesh2D.Tests.EditMode.IMesh2DTests" runstate="Runnable" seed="1514513246" result="Passed"
											start-time="2022-07-20 18:31:39Z" end-time="2022-07-20 18:31:39Z" duration="0.000233" asserts="0">
											<properties />
										</test-case>
										<test-case id="1346" name="TestOverlapsSelf((Circle (C=(0.00, 0.00); R=1; FFFFFF), Circle (C=(2.00, 2.00); R=1; FFFFFF), False))"
											fullname="Ulisses.Core.Mesh2D.Tests.EditMode.IMesh2DTests.TestOverlapsSelf((Circle (C=(0.00, 0.00); R=1; FFFFFF), Circle (C=(2.00, 2.00); R=1; FFFFFF), False))"
											methodname="TestOverlapsSelf" classname="Ulisses.Core.Mesh2D.Tests.EditMode.IMesh2DTests" runstate="Runnable" seed="403441587" result="Passed"
											start-time="2022-07-20 18:31:39Z" end-time="2022-07-20 18:31:39Z" duration="0.000152" asserts="0">
											<properties />
										</test-case>
										<test-case id="1347" name="TestOverlapsSelf((Circle (C=(0.00, 0.00); R=1; FFFFFF), Rect (P=(0.00, 0.00); S=(1.00, 1.00); FFFFFF), True))"
											fullname="Ulisses.Core.Mesh2D.Tests.EditMode.IMesh2DTests.TestOverlapsSelf((Circle (C=(0.00, 0.00); R=1; FFFFFF), Rect (P=(0.00, 0.00); S=(1.00, 1.00); FFFFFF), True))"
											methodname="TestOverlapsSelf" classname="Ulisses.Core.Mesh2D.Tests.EditMode.IMesh2DTests" runstate="Runnable" seed="767793616" result="Passed"
											start-time="2022-07-20 18:31:39Z" end-time="2022-07-20 18:31:39Z" duration="0.000121" asserts="0">
											<properties />
										</test-case>
										<test-case id="1348" name="TestOverlapsSelf((Circle (C=(0.00, 0.00); R=1; FFFFFF), Rect (P=(2.00, 2.00); S=(1.00, 1.00); FFFFFF), False))"
											fullname="Ulisses.Core.Mesh2D.Tests.EditMode.IMesh2DTests.TestOverlapsSelf((Circle (C=(0.00, 0.00); R=1; FFFFFF), Rect (P=(2.00, 2.00); S=(1.00, 1.00); FFFFFF), False))"
											methodname="TestOverlapsSelf" classname="Ulisses.Core.Mesh2D.Tests.EditMode.IMesh2DTests" runstate="Runnable" seed="941444777" result="Passed"
											start-time="2022-07-20 18:31:39Z" end-time="2022-07-20 18:31:39Z" duration="0.000116" asserts="0">
											<properties />
										</test-case>
										<test-case id="1349"
											name="TestOverlapsSelf((Rect (P=(0.00, 0.00); S=(1.00, 1.00); FFFFFF), Rect (P=(1.00, 1.00); S=(1.00, 1.00); FFFFFF), True))"
											fullname="Ulisses.Core.Mesh2D.Tests.EditMode.IMesh2DTests.TestOverlapsSelf((Rect (P=(0.00, 0.00); S=(1.00, 1.00); FFFFFF), Rect (P=(1.00, 1.00); S=(1.00, 1.00); FFFFFF), True))"
											methodname="TestOverlapsSelf" classname="Ulisses.Core.Mesh2D.Tests.EditMode.IMesh2DTests" runstate="Runnable" seed="812258258" result="Passed"
											start-time="2022-07-20 18:31:39Z" end-time="2022-07-20 18:31:39Z" duration="0.000117" asserts="0">
											<properties />
										</test-case>
										<test-case id="1350"
											name="TestOverlapsSelf((Rect (P=(0.00, 0.00); S=(1.00, 1.00); FFFFFF), Rect (P=(2.00, 2.00); S=(1.00, 1.00); FFFFFF), False))"
											fullname="Ulisses.Core.Mesh2D.Tests.EditMode.IMesh2DTests.TestOverlapsSelf((Rect (P=(0.00, 0.00); S=(1.00, 1.00); FFFFFF), Rect (P=(2.00, 2.00); S=(1.00, 1.00); FFFFFF), False))"
											methodname="TestOverlapsSelf" classname="Ulisses.Core.Mesh2D.Tests.EditMode.IMesh2DTests" runstate="Runnable" seed="711018771" result="Passed"
											start-time="2022-07-20 18:31:39Z" end-time="2022-07-20 18:31:39Z" duration="0.000140" asserts="0">
											<properties />
										</test-case>
										<test-case id="1351"
											name="TestOverlapsSelf((Composite (Circle (C=(0.00, 0.00); R=1; FFFFFF), Rect (P=(0.00, 0.00); S=(1.00, 1.00); FFFFFF); FFFFFF), Circle (C=(1.00, 1.00); R=1; FFFFFF), True))"
											fullname="Ulisses.Core.Mesh2D.Tests.EditMode.IMesh2DTests.TestOverlapsSelf((Composite (Circle (C=(0.00, 0.00); R=1; FFFFFF), Rect (P=(0.00, 0.00); S=(1.00, 1.00); FFFFFF); FFFFFF), Circle (C=(1.00, 1.00); R=1; FFFFFF), True))"
											methodname="TestOverlapsSelf" classname="Ulisses.Core.Mesh2D.Tests.EditMode.IMesh2DTests" runstate="Runnable" seed="908348139" result="Passed"
											start-time="2022-07-20 18:31:39Z" end-time="2022-07-20 18:31:39Z" duration="0.000132" asserts="0">
											<properties />
										</test-case>
									</test-suite>
								</test-suite>
								<test-suite type="TestFixture" id="1369" name="LineTests" fullname="Ulisses.Core.Mesh2D.Tests.EditMode.LineTests"
									classname="Ulisses.Core.Mesh2D.Tests.EditMode.LineTests" runstate="Runnable" testcasecount="10" result="Passed" start-time="2022-07-20 18:31:39Z"
									end-time="2022-07-20 18:31:39Z" duration="0.016053" total="10" passed="10" failed="0" inconclusive="0" skipped="0" asserts="0">
									<properties />
									<test-suite type="ParameterizedMethod" id="1371" name="TestConstructor"
										fullname="Ulisses.Core.Mesh2D.Tests.EditMode.LineTests.TestConstructor" classname="Ulisses.Core.Mesh2D.Tests.EditMode.LineTests" runstate="Runnable"
										testcasecount="1" result="Passed" start-time="2022-07-20 18:31:39Z" end-time="2022-07-20 18:31:39Z" duration="0.003192" total="1" passed="1"
										failed="0" inconclusive="0" skipped="0" asserts="0">
										<properties />
										<test-case id="1370" name="TestConstructor(1,2,3,4)" fullname="Ulisses.Core.Mesh2D.Tests.EditMode.LineTests.TestConstructor(1,2,3,4)"
											methodname="TestConstructor" classname="Ulisses.Core.Mesh2D.Tests.EditMode.LineTests" runstate="Runnable" seed="1269574881" result="Passed"
											start-time="2022-07-20 18:31:39Z" end-time="2022-07-20 18:31:39Z" duration="0.000351" asserts="0">
											<properties />
										</test-case>
									</test-suite>
									<test-suite type="ParameterizedMethod" id="1383" name="TestTryGetIntersectionBackward"
										fullname="Ulisses.Core.Mesh2D.Tests.EditMode.LineTests.TestTryGetIntersectionBackward" classname="Ulisses.Core.Mesh2D.Tests.EditMode.LineTests"
										runstate="Runnable" testcasecount="4" result="Passed" start-time="2022-07-20 18:31:39Z" end-time="2022-07-20 18:31:39Z" duration="0.004881" total="4"
										passed="4" failed="0" inconclusive="0" skipped="0" asserts="0">
										<properties />
										<test-case id="1379"
											name="TestTryGetIntersectionBackward(((0.00, -1.00) -&gt; (0.00, 1.00), (-1.00, 0.00) -&gt; (1.00, 0.00), True, (0.00, 0.00)))"
											fullname="Ulisses.Core.Mesh2D.Tests.EditMode.LineTests.TestTryGetIntersectionBackward(((0.00, -1.00) -&gt; (0.00, 1.00), (-1.00, 0.00) -&gt; (1.00, 0.00), True, (0.00, 0.00)))"
											methodname="TestTryGetIntersectionBackward" classname="Ulisses.Core.Mesh2D.Tests.EditMode.LineTests" runstate="Runnable" seed="640239146"
											result="Passed" start-time="2022-07-20 18:31:39Z" end-time="2022-07-20 18:31:39Z" duration="0.000527" asserts="0">
											<properties />
										</test-case>
										<test-case id="1380"
											name="TestTryGetIntersectionBackward(((0.00, 1.00) -&gt; (1.00, 1.00), (0.00, 0.00) -&gt; (2.00, 2.00), True, (1.00, 1.00)))"
											fullname="Ulisses.Core.Mesh2D.Tests.EditMode.LineTests.TestTryGetIntersectionBackward(((0.00, 1.00) -&gt; (1.00, 1.00), (0.00, 0.00) -&gt; (2.00, 2.00), True, (1.00, 1.00)))"
											methodname="TestTryGetIntersectionBackward" classname="Ulisses.Core.Mesh2D.Tests.EditMode.LineTests" runstate="Runnable" seed="891277146"
											result="Passed" start-time="2022-07-20 18:31:39Z" end-time="2022-07-20 18:31:39Z" duration="0.000154" asserts="0">
											<properties />
										</test-case>
										<test-case id="1381"
											name="TestTryGetIntersectionBackward(((0.00, 1.00) -&gt; (1.00, 1.00), (0.00, 0.00) -&gt; (1.00, 0.00), False, (0.00, 0.00)))"
											fullname="Ulisses.Core.Mesh2D.Tests.EditMode.LineTests.TestTryGetIntersectionBackward(((0.00, 1.00) -&gt; (1.00, 1.00), (0.00, 0.00) -&gt; (1.00, 0.00), False, (0.00, 0.00)))"
											methodname="TestTryGetIntersectionBackward" classname="Ulisses.Core.Mesh2D.Tests.EditMode.LineTests" runstate="Runnable" seed="1558164129"
											result="Passed" start-time="2022-07-20 18:31:39Z" end-time="2022-07-20 18:31:39Z" duration="0.000118" asserts="0">
											<properties />
										</test-case>
										<test-case id="1382"
											name="TestTryGetIntersectionBackward(((0.00, 1.00) -&gt; (1.00, 1.00), (0.00, -1.00) -&gt; (1.00, 0.00), False, (0.00, 0.00)))"
											fullname="Ulisses.Core.Mesh2D.Tests.EditMode.LineTests.TestTryGetIntersectionBackward(((0.00, 1.00) -&gt; (1.00, 1.00), (0.00, -1.00) -&gt; (1.00, 0.00), False, (0.00, 0.00)))"
											methodname="TestTryGetIntersectionBackward" classname="Ulisses.Core.Mesh2D.Tests.EditMode.LineTests" runstate="Runnable" seed="1501447587"
											result="Passed" start-time="2022-07-20 18:31:39Z" end-time="2022-07-20 18:31:39Z" duration="0.000109" asserts="0">
											<properties />
										</test-case>
									</test-suite>
									<test-suite type="ParameterizedMethod" id="1378" name="TestTryGetIntersectionForwad"
										fullname="Ulisses.Core.Mesh2D.Tests.EditMode.LineTests.TestTryGetIntersectionForwad" classname="Ulisses.Core.Mesh2D.Tests.EditMode.LineTests"
										runstate="Runnable" testcasecount="4" result="Passed" start-time="2022-07-20 18:31:39Z" end-time="2022-07-20 18:31:39Z" duration="0.002520" total="4"
										passed="4" failed="0" inconclusive="0" skipped="0" asserts="0">
										<properties />
										<test-case id="1374"
											name="TestTryGetIntersectionForwad(((0.00, -1.00) -&gt; (0.00, 1.00), (-1.00, 0.00) -&gt; (1.00, 0.00), True, (0.00, 0.00)))"
											fullname="Ulisses.Core.Mesh2D.Tests.EditMode.LineTests.TestTryGetIntersectionForwad(((0.00, -1.00) -&gt; (0.00, 1.00), (-1.00, 0.00) -&gt; (1.00, 0.00), True, (0.00, 0.00)))"
											methodname="TestTryGetIntersectionForwad" classname="Ulisses.Core.Mesh2D.Tests.EditMode.LineTests" runstate="Runnable" seed="1316327561"
											result="Passed" start-time="2022-07-20 18:31:39Z" end-time="2022-07-20 18:31:39Z" duration="0.000330" asserts="0">
											<properties />
										</test-case>
										<test-case id="1375"
											name="TestTryGetIntersectionForwad(((0.00, 1.00) -&gt; (1.00, 1.00), (0.00, 0.00) -&gt; (2.00, 2.00), True, (1.00, 1.00)))"
											fullname="Ulisses.Core.Mesh2D.Tests.EditMode.LineTests.TestTryGetIntersectionForwad(((0.00, 1.00) -&gt; (1.00, 1.00), (0.00, 0.00) -&gt; (2.00, 2.00), True, (1.00, 1.00)))"
											methodname="TestTryGetIntersectionForwad" classname="Ulisses.Core.Mesh2D.Tests.EditMode.LineTests" runstate="Runnable" seed="1280769865"
											result="Passed" start-time="2022-07-20 18:31:39Z" end-time="2022-07-20 18:31:39Z" duration="0.000141" asserts="0">
											<properties />
										</test-case>
										<test-case id="1376"
											name="TestTryGetIntersectionForwad(((0.00, 1.00) -&gt; (1.00, 1.00), (0.00, 0.00) -&gt; (1.00, 0.00), False, (0.00, 0.00)))"
											fullname="Ulisses.Core.Mesh2D.Tests.EditMode.LineTests.TestTryGetIntersectionForwad(((0.00, 1.00) -&gt; (1.00, 1.00), (0.00, 0.00) -&gt; (1.00, 0.00), False, (0.00, 0.00)))"
											methodname="TestTryGetIntersectionForwad" classname="Ulisses.Core.Mesh2D.Tests.EditMode.LineTests" runstate="Runnable" seed="1867201230"
											result="Passed" start-time="2022-07-20 18:31:39Z" end-time="2022-07-20 18:31:39Z" duration="0.000121" asserts="0">
											<properties />
										</test-case>
										<test-case id="1377"
											name="TestTryGetIntersectionForwad(((0.00, 1.00) -&gt; (1.00, 1.00), (0.00, -1.00) -&gt; (1.00, 0.00), False, (0.00, 0.00)))"
											fullname="Ulisses.Core.Mesh2D.Tests.EditMode.LineTests.TestTryGetIntersectionForwad(((0.00, 1.00) -&gt; (1.00, 1.00), (0.00, -1.00) -&gt; (1.00, 0.00), False, (0.00, 0.00)))"
											methodname="TestTryGetIntersectionForwad" classname="Ulisses.Core.Mesh2D.Tests.EditMode.LineTests" runstate="Runnable" seed="1164104025"
											result="Passed" start-time="2022-07-20 18:31:39Z" end-time="2022-07-20 18:31:39Z" duration="0.000112" asserts="0">
											<properties />
										</test-case>
									</test-suite>
									<test-suite type="ParameterizedMethod" id="1373" name="TestZeroLengthLines"
										fullname="Ulisses.Core.Mesh2D.Tests.EditMode.LineTests.TestZeroLengthLines" classname="Ulisses.Core.Mesh2D.Tests.EditMode.LineTests"
										runstate="Runnable" testcasecount="1" result="Passed" start-time="2022-07-20 18:31:39Z" end-time="2022-07-20 18:31:39Z" duration="0.004293" total="1"
										passed="1" failed="0" inconclusive="0" skipped="0" asserts="0">
										<properties />
										<test-case id="1372" name="TestZeroLengthLines(0,0,0,0)"
											fullname="Ulisses.Core.Mesh2D.Tests.EditMode.LineTests.TestZeroLengthLines(0,0,0,0)" methodname="TestZeroLengthLines"
											classname="Ulisses.Core.Mesh2D.Tests.EditMode.LineTests" runstate="Runnable" seed="325010299" result="Passed" start-time="2022-07-20 18:31:39Z"
											end-time="2022-07-20 18:31:39Z" duration="0.002574" asserts="0">
											<properties />
										</test-case>
									</test-suite>
								</test-suite>
								<test-suite type="TestFixture" id="1384" name="PolygonMeshTests" fullname="Ulisses.Core.Mesh2D.Tests.EditMode.PolygonMeshTests"
									classname="Ulisses.Core.Mesh2D.Tests.EditMode.PolygonMeshTests" runstate="Runnable" testcasecount="21" result="Passed"
									start-time="2022-07-20 18:31:39Z" end-time="2022-07-20 18:31:39Z" duration="0.016125" total="21" passed="21" failed="0" inconclusive="0" skipped="0"
									asserts="0">
									<properties />
									<test-suite type="ParameterizedMethod" id="1401" name="TestBoundingCircleContains"
										fullname="Ulisses.Core.Mesh2D.Tests.EditMode.PolygonMeshTests.TestBoundingCircleContains"
										classname="Ulisses.Core.Mesh2D.Tests.EditMode.PolygonMeshTests" runstate="Runnable" testcasecount="6" result="Passed"
										start-time="2022-07-20 18:31:39Z" end-time="2022-07-20 18:31:39Z" duration="0.006479" total="6" passed="6" failed="0" inconclusive="0" skipped="0"
										asserts="0">
										<properties />
										<test-case id="1395" name="TestBoundingCircleContains(0,0,True)"
											fullname="Ulisses.Core.Mesh2D.Tests.EditMode.PolygonMeshTests.TestBoundingCircleContains(0,0,True)" methodname="TestBoundingCircleContains"
											classname="Ulisses.Core.Mesh2D.Tests.EditMode.PolygonMeshTests" runstate="Runnable" seed="581067010" result="Passed"
											start-time="2022-07-20 18:31:39Z" end-time="2022-07-20 18:31:39Z" duration="0.001553" asserts="0">
											<properties />
										</test-case>
										<test-case id="1396" name="TestBoundingCircleContains(1,1,False)"
											fullname="Ulisses.Core.Mesh2D.Tests.EditMode.PolygonMeshTests.TestBoundingCircleContains(1,1,False)" methodname="TestBoundingCircleContains"
											classname="Ulisses.Core.Mesh2D.Tests.EditMode.PolygonMeshTests" runstate="Runnable" seed="597158434" result="Passed"
											start-time="2022-07-20 18:31:39Z" end-time="2022-07-20 18:31:39Z" duration="0.000133" asserts="0">
											<properties />
										</test-case>
										<test-case id="1397" name="TestBoundingCircleContains(0,1,True)"
											fullname="Ulisses.Core.Mesh2D.Tests.EditMode.PolygonMeshTests.TestBoundingCircleContains(0,1,True)" methodname="TestBoundingCircleContains"
											classname="Ulisses.Core.Mesh2D.Tests.EditMode.PolygonMeshTests" runstate="Runnable" seed="352836072" result="Passed"
											start-time="2022-07-20 18:31:39Z" end-time="2022-07-20 18:31:39Z" duration="0.000113" asserts="0">
											<properties />
										</test-case>
										<test-case id="1398" name="TestBoundingCircleContains(1,0,True)"
											fullname="Ulisses.Core.Mesh2D.Tests.EditMode.PolygonMeshTests.TestBoundingCircleContains(1,0,True)" methodname="TestBoundingCircleContains"
											classname="Ulisses.Core.Mesh2D.Tests.EditMode.PolygonMeshTests" runstate="Runnable" seed="733861653" result="Passed"
											start-time="2022-07-20 18:31:39Z" end-time="2022-07-20 18:31:39Z" duration="0.000108" asserts="0">
											<properties />
										</test-case>
										<test-case id="1399" name="TestBoundingCircleContains(-1,-1,True)"
											fullname="Ulisses.Core.Mesh2D.Tests.EditMode.PolygonMeshTests.TestBoundingCircleContains(-1,-1,True)" methodname="TestBoundingCircleContains"
											classname="Ulisses.Core.Mesh2D.Tests.EditMode.PolygonMeshTests" runstate="Runnable" seed="803776450" result="Passed"
											start-time="2022-07-20 18:31:39Z" end-time="2022-07-20 18:31:39Z" duration="0.000109" asserts="0">
											<properties />
										</test-case>
										<test-case id="1400" name="TestBoundingCircleContains(2,2,False)"
											fullname="Ulisses.Core.Mesh2D.Tests.EditMode.PolygonMeshTests.TestBoundingCircleContains(2,2,False)" methodname="TestBoundingCircleContains"
											classname="Ulisses.Core.Mesh2D.Tests.EditMode.PolygonMeshTests" runstate="Runnable" seed="300090123" result="Passed"
											start-time="2022-07-20 18:31:39Z" end-time="2022-07-20 18:31:39Z" duration="0.000114" asserts="0">
											<properties />
										</test-case>
									</test-suite>
									<test-suite type="ParameterizedMethod" id="1408" name="TestBoundingRectContains"
										fullname="Ulisses.Core.Mesh2D.Tests.EditMode.PolygonMeshTests.TestBoundingRectContains"
										classname="Ulisses.Core.Mesh2D.Tests.EditMode.PolygonMeshTests" runstate="Runnable" testcasecount="6" result="Passed"
										start-time="2022-07-20 18:31:39Z" end-time="2022-07-20 18:31:39Z" duration="0.003540" total="6" passed="6" failed="0" inconclusive="0" skipped="0"
										asserts="0">
										<properties />
										<test-case id="1402" name="TestBoundingRectContains(0,0,True)"
											fullname="Ulisses.Core.Mesh2D.Tests.EditMode.PolygonMeshTests.TestBoundingRectContains(0,0,True)" methodname="TestBoundingRectContains"
											classname="Ulisses.Core.Mesh2D.Tests.EditMode.PolygonMeshTests" runstate="Runnable" seed="1893317285" result="Passed"
											start-time="2022-07-20 18:31:39Z" end-time="2022-07-20 18:31:39Z" duration="0.001002" asserts="0">
											<properties />
										</test-case>
										<test-case id="1403" name="TestBoundingRectContains(1,1,True)"
											fullname="Ulisses.Core.Mesh2D.Tests.EditMode.PolygonMeshTests.TestBoundingRectContains(1,1,True)" methodname="TestBoundingRectContains"
											classname="Ulisses.Core.Mesh2D.Tests.EditMode.PolygonMeshTests" runstate="Runnable" seed="1806639440" result="Passed"
											start-time="2022-07-20 18:31:39Z" end-time="2022-07-20 18:31:39Z" duration="0.000118" asserts="0">
											<properties />
										</test-case>
										<test-case id="1404" name="TestBoundingRectContains(0,1,True)"
											fullname="Ulisses.Core.Mesh2D.Tests.EditMode.PolygonMeshTests.TestBoundingRectContains(0,1,True)" methodname="TestBoundingRectContains"
											classname="Ulisses.Core.Mesh2D.Tests.EditMode.PolygonMeshTests" runstate="Runnable" seed="2071396530" result="Passed"
											start-time="2022-07-20 18:31:39Z" end-time="2022-07-20 18:31:39Z" duration="0.000117" asserts="0">
											<properties />
										</test-case>
										<test-case id="1405" name="TestBoundingRectContains(1,0,True)"
											fullname="Ulisses.Core.Mesh2D.Tests.EditMode.PolygonMeshTests.TestBoundingRectContains(1,0,True)" methodname="TestBoundingRectContains"
											classname="Ulisses.Core.Mesh2D.Tests.EditMode.PolygonMeshTests" runstate="Runnable" seed="2109493706" result="Passed"
											start-time="2022-07-20 18:31:39Z" end-time="2022-07-20 18:31:39Z" duration="0.000106" asserts="0">
											<properties />
										</test-case>
										<test-case id="1406" name="TestBoundingRectContains(-1,-1,True)"
											fullname="Ulisses.Core.Mesh2D.Tests.EditMode.PolygonMeshTests.TestBoundingRectContains(-1,-1,True)" methodname="TestBoundingRectContains"
											classname="Ulisses.Core.Mesh2D.Tests.EditMode.PolygonMeshTests" runstate="Runnable" seed="594417625" result="Passed"
											start-time="2022-07-20 18:31:39Z" end-time="2022-07-20 18:31:39Z" duration="0.000104" asserts="0">
											<properties />
										</test-case>
										<test-case id="1407" name="TestBoundingRectContains(2,2,False)"
											fullname="Ulisses.Core.Mesh2D.Tests.EditMode.PolygonMeshTests.TestBoundingRectContains(2,2,False)" methodname="TestBoundingRectContains"
											classname="Ulisses.Core.Mesh2D.Tests.EditMode.PolygonMeshTests" runstate="Runnable" seed="1659028761" result="Passed"
											start-time="2022-07-20 18:31:39Z" end-time="2022-07-20 18:31:39Z" duration="0.000110" asserts="0">
											<properties />
										</test-case>
									</test-suite>
									<test-suite type="ParameterizedMethod" id="1394" name="TestContains"
										fullname="Ulisses.Core.Mesh2D.Tests.EditMode.PolygonMeshTests.TestContains" classname="Ulisses.Core.Mesh2D.Tests.EditMode.PolygonMeshTests"
										runstate="Runnable" testcasecount="5" result="Passed" start-time="2022-07-20 18:31:39Z" end-time="2022-07-20 18:31:39Z" duration="0.001673" total="5"
										passed="5" failed="0" inconclusive="0" skipped="0" asserts="0">
										<properties />
										<test-case id="1389" name="TestContains(0,0,True)" fullname="Ulisses.Core.Mesh2D.Tests.EditMode.PolygonMeshTests.TestContains(0,0,True)"
											methodname="TestContains" classname="Ulisses.Core.Mesh2D.Tests.EditMode.PolygonMeshTests" runstate="Runnable" seed="2064774330" result="Passed"
											start-time="2022-07-20 18:31:39Z" end-time="2022-07-20 18:31:39Z" duration="0.000189" asserts="0">
											<properties />
										</test-case>
										<test-case id="1390" name="TestContains(1,1,False)" fullname="Ulisses.Core.Mesh2D.Tests.EditMode.PolygonMeshTests.TestContains(1,1,False)"
											methodname="TestContains" classname="Ulisses.Core.Mesh2D.Tests.EditMode.PolygonMeshTests" runstate="Runnable" seed="1515428576" result="Passed"
											start-time="2022-07-20 18:31:39Z" end-time="2022-07-20 18:31:39Z" duration="0.000120" asserts="0">
											<properties />
										</test-case>
										<test-case id="1391" name="TestContains(0,1,True)" fullname="Ulisses.Core.Mesh2D.Tests.EditMode.PolygonMeshTests.TestContains(0,1,True)"
											methodname="TestContains" classname="Ulisses.Core.Mesh2D.Tests.EditMode.PolygonMeshTests" runstate="Runnable" seed="1202556586" result="Passed"
											start-time="2022-07-20 18:31:39Z" end-time="2022-07-20 18:31:39Z" duration="0.000104" asserts="0">
											<properties />
										</test-case>
										<test-case id="1392" name="TestContains(1,0,True)" fullname="Ulisses.Core.Mesh2D.Tests.EditMode.PolygonMeshTests.TestContains(1,0,True)"
											methodname="TestContains" classname="Ulisses.Core.Mesh2D.Tests.EditMode.PolygonMeshTests" runstate="Runnable" seed="625662990" result="Passed"
											start-time="2022-07-20 18:31:39Z" end-time="2022-07-20 18:31:39Z" duration="0.000102" asserts="0">
											<properties />
										</test-case>
										<test-case id="1393" name="TestContains(-1,-1,True)" fullname="Ulisses.Core.Mesh2D.Tests.EditMode.PolygonMeshTests.TestContains(-1,-1,True)"
											methodname="TestContains" classname="Ulisses.Core.Mesh2D.Tests.EditMode.PolygonMeshTests" runstate="Runnable" seed="1566636392" result="Passed"
											start-time="2022-07-20 18:31:39Z" end-time="2022-07-20 18:31:39Z" duration="0.000099" asserts="0">
											<properties />
										</test-case>
									</test-suite>
									<test-case id="1385" name="TestEmptyPolygon" fullname="Ulisses.Core.Mesh2D.Tests.EditMode.PolygonMeshTests.TestEmptyPolygon"
										methodname="TestEmptyPolygon" classname="Ulisses.Core.Mesh2D.Tests.EditMode.PolygonMeshTests" runstate="Runnable" seed="1026234875" result="Passed"
										start-time="2022-07-20 18:31:39Z" end-time="2022-07-20 18:31:39Z" duration="0.000752" asserts="0">
										<properties />
									</test-case>
									<test-case id="1386" name="TestHasArea" fullname="Ulisses.Core.Mesh2D.Tests.EditMode.PolygonMeshTests.TestHasArea" methodname="TestHasArea"
										classname="Ulisses.Core.Mesh2D.Tests.EditMode.PolygonMeshTests" runstate="Runnable" seed="1083288781" result="Passed"
										start-time="2022-07-20 18:31:39Z" end-time="2022-07-20 18:31:39Z" duration="0.000180" asserts="0">
										<properties />
									</test-case>
									<test-case id="1388" name="TestOutline" fullname="Ulisses.Core.Mesh2D.Tests.EditMode.PolygonMeshTests.TestOutline" methodname="TestOutline"
										classname="Ulisses.Core.Mesh2D.Tests.EditMode.PolygonMeshTests" runstate="Runnable" seed="341533700" result="Passed" start-time="2022-07-20 18:31:39Z"
										end-time="2022-07-20 18:31:39Z" duration="0.000704" asserts="0">
										<properties />
									</test-case>
									<test-case id="1387" name="TestVertices" fullname="Ulisses.Core.Mesh2D.Tests.EditMode.PolygonMeshTests.TestVertices"
										methodname="TestVertices" classname="Ulisses.Core.Mesh2D.Tests.EditMode.PolygonMeshTests" runstate="Runnable" seed="1709649371" result="Passed"
										start-time="2022-07-20 18:31:39Z" end-time="2022-07-20 18:31:39Z" duration="0.000223" asserts="0">
										<properties />
									</test-case>
								</test-suite>
								<test-suite type="TestFixture" id="1409" name="RectMeshTests" fullname="Ulisses.Core.Mesh2D.Tests.EditMode.RectMeshTests"
									classname="Ulisses.Core.Mesh2D.Tests.EditMode.RectMeshTests" runstate="Runnable" testcasecount="38" result="Failed" site="Child"
									start-time="2022-07-20 18:31:39Z" end-time="2022-07-20 18:31:39Z" duration="0.026008" total="38" passed="36" failed="2" inconclusive="0" skipped="0"
									asserts="0">
									<properties />
									<failure>
										<message><![CDATA[One or more child tests had errors]]></message>
									</failure>
									<test-suite type="ParameterizedMethod" id="1439" name="TestBoundingCircleContains"
										fullname="Ulisses.Core.Mesh2D.Tests.EditMode.RectMeshTests.TestBoundingCircleContains" classname="Ulisses.Core.Mesh2D.Tests.EditMode.RectMeshTests"
										runstate="Runnable" testcasecount="10" result="Passed" start-time="2022-07-20 18:31:39Z" end-time="2022-07-20 18:31:39Z" duration="0.006509"
										total="10" passed="10" failed="0" inconclusive="0" skipped="0" asserts="0">
										<properties />
										<test-case id="1429" name="TestBoundingCircleContains(0,0,1,1,0,0,True)"
											fullname="Ulisses.Core.Mesh2D.Tests.EditMode.RectMeshTests.TestBoundingCircleContains(0,0,1,1,0,0,True)" methodname="TestBoundingCircleContains"
											classname="Ulisses.Core.Mesh2D.Tests.EditMode.RectMeshTests" runstate="Runnable" seed="631719604" result="Passed" start-time="2022-07-20 18:31:39Z"
											end-time="2022-07-20 18:31:39Z" duration="0.000503" asserts="0">
											<properties />
										</test-case>
										<test-case id="1430" name="TestBoundingCircleContains(0,0,1,1,0,0.5f,True)"
											fullname="Ulisses.Core.Mesh2D.Tests.EditMode.RectMeshTests.TestBoundingCircleContains(0,0,1,1,0,0.5f,True)" methodname="TestBoundingCircleContains"
											classname="Ulisses.Core.Mesh2D.Tests.EditMode.RectMeshTests" runstate="Runnable" seed="1618767682" result="Passed" start-time="2022-07-20 18:31:39Z"
											end-time="2022-07-20 18:31:39Z" duration="0.000142" asserts="0">
											<properties />
										</test-case>
										<test-case id="1431" name="TestBoundingCircleContains(0,0,1,1,0,1,True)"
											fullname="Ulisses.Core.Mesh2D.Tests.EditMode.RectMeshTests.TestBoundingCircleContains(0,0,1,1,0,1,True)" methodname="TestBoundingCircleContains"
											classname="Ulisses.Core.Mesh2D.Tests.EditMode.RectMeshTests" runstate="Runnable" seed="1033041336" result="Passed" start-time="2022-07-20 18:31:39Z"
											end-time="2022-07-20 18:31:39Z" duration="0.000112" asserts="0">
											<properties />
										</test-case>
										<test-case id="1432" name="TestBoundingCircleContains(0,0,1,1,0.5f,0,True)"
											fullname="Ulisses.Core.Mesh2D.Tests.EditMode.RectMeshTests.TestBoundingCircleContains(0,0,1,1,0.5f,0,True)" methodname="TestBoundingCircleContains"
											classname="Ulisses.Core.Mesh2D.Tests.EditMode.RectMeshTests" runstate="Runnable" seed="246287694" result="Passed" start-time="2022-07-20 18:31:39Z"
											end-time="2022-07-20 18:31:39Z" duration="0.000109" asserts="0">
											<properties />
										</test-case>
										<test-case id="1433" name="TestBoundingCircleContains(0,0,1,1,0.5f,0.5f,True)"
											fullname="Ulisses.Core.Mesh2D.Tests.EditMode.RectMeshTests.TestBoundingCircleContains(0,0,1,1,0.5f,0.5f,True)"
											methodname="TestBoundingCircleContains" classname="Ulisses.Core.Mesh2D.Tests.EditMode.RectMeshTests" runstate="Runnable" seed="1851968768"
											result="Passed" start-time="2022-07-20 18:31:39Z" end-time="2022-07-20 18:31:39Z" duration="0.000106" asserts="0">
											<properties />
										</test-case>
										<test-case id="1434" name="TestBoundingCircleContains(0,0,1,1,0.5f,1,True)"
											fullname="Ulisses.Core.Mesh2D.Tests.EditMode.RectMeshTests.TestBoundingCircleContains(0,0,1,1,0.5f,1,True)" methodname="TestBoundingCircleContains"
											classname="Ulisses.Core.Mesh2D.Tests.EditMode.RectMeshTests" runstate="Runnable" seed="1351610106" result="Passed" start-time="2022-07-20 18:31:39Z"
											end-time="2022-07-20 18:31:39Z" duration="0.000145" asserts="0">
											<properties />
										</test-case>
										<test-case id="1435" name="TestBoundingCircleContains(0,0,1,1,1,0,True)"
											fullname="Ulisses.Core.Mesh2D.Tests.EditMode.RectMeshTests.TestBoundingCircleContains(0,0,1,1,1,0,True)" methodname="TestBoundingCircleContains"
											classname="Ulisses.Core.Mesh2D.Tests.EditMode.RectMeshTests" runstate="Runnable" seed="1991017477" result="Passed" start-time="2022-07-20 18:31:39Z"
											end-time="2022-07-20 18:31:39Z" duration="0.000108" asserts="0">
											<properties />
										</test-case>
										<test-case id="1436" name="TestBoundingCircleContains(0,0,1,1,1,0.5f,True)"
											fullname="Ulisses.Core.Mesh2D.Tests.EditMode.RectMeshTests.TestBoundingCircleContains(0,0,1,1,1,0.5f,True)" methodname="TestBoundingCircleContains"
											classname="Ulisses.Core.Mesh2D.Tests.EditMode.RectMeshTests" runstate="Runnable" seed="1916027036" result="Passed" start-time="2022-07-20 18:31:39Z"
											end-time="2022-07-20 18:31:39Z" duration="0.000104" asserts="0">
											<properties />
										</test-case>
										<test-case id="1437" name="TestBoundingCircleContains(0,0,1,1,1,1,True)"
											fullname="Ulisses.Core.Mesh2D.Tests.EditMode.RectMeshTests.TestBoundingCircleContains(0,0,1,1,1,1,True)" methodname="TestBoundingCircleContains"
											classname="Ulisses.Core.Mesh2D.Tests.EditMode.RectMeshTests" runstate="Runnable" seed="860603511" result="Passed" start-time="2022-07-20 18:31:39Z"
											end-time="2022-07-20 18:31:39Z" duration="0.000107" asserts="0">
											<properties />
										</test-case>
										<test-case id="1438" name="TestBoundingCircleContains(0,0,1,1,2,2,False)"
											fullname="Ulisses.Core.Mesh2D.Tests.EditMode.RectMeshTests.TestBoundingCircleContains(0,0,1,1,2,2,False)" methodname="TestBoundingCircleContains"
											classname="Ulisses.Core.Mesh2D.Tests.EditMode.RectMeshTests" runstate="Runnable" seed="1376787981" result="Passed" start-time="2022-07-20 18:31:39Z"
											end-time="2022-07-20 18:31:39Z" duration="0.000108" asserts="0">
											<properties />
										</test-case>
									</test-suite>
									<test-suite type="ParameterizedMethod" id="1450" name="TestBoundingPolygonContains"
										fullname="Ulisses.Core.Mesh2D.Tests.EditMode.RectMeshTests.TestBoundingPolygonContains" classname="Ulisses.Core.Mesh2D.Tests.EditMode.RectMeshTests"
										runstate="Runnable" testcasecount="10" result="Passed" start-time="2022-07-20 18:31:39Z" end-time="2022-07-20 18:31:39Z" duration="0.003502"
										total="10" passed="10" failed="0" inconclusive="0" skipped="0" asserts="0">
										<properties />
										<test-case id="1440" name="TestBoundingPolygonContains(0,0,1,1,0,0,True)"
											fullname="Ulisses.Core.Mesh2D.Tests.EditMode.RectMeshTests.TestBoundingPolygonContains(0,0,1,1,0,0,True)" methodname="TestBoundingPolygonContains"
											classname="Ulisses.Core.Mesh2D.Tests.EditMode.RectMeshTests" runstate="Runnable" seed="950701887" result="Passed" start-time="2022-07-20 18:31:39Z"
											end-time="2022-07-20 18:31:39Z" duration="0.000286" asserts="0">
											<properties />
										</test-case>
										<test-case id="1441" name="TestBoundingPolygonContains(0,0,1,1,0,0.5f,True)"
											fullname="Ulisses.Core.Mesh2D.Tests.EditMode.RectMeshTests.TestBoundingPolygonContains(0,0,1,1,0,0.5f,True)" methodname="TestBoundingPolygonContains"
											classname="Ulisses.Core.Mesh2D.Tests.EditMode.RectMeshTests" runstate="Runnable" seed="1606602458" result="Passed" start-time="2022-07-20 18:31:39Z"
											end-time="2022-07-20 18:31:39Z" duration="0.000114" asserts="0">
											<properties />
										</test-case>
										<test-case id="1442" name="TestBoundingPolygonContains(0,0,1,1,0,1,True)"
											fullname="Ulisses.Core.Mesh2D.Tests.EditMode.RectMeshTests.TestBoundingPolygonContains(0,0,1,1,0,1,True)" methodname="TestBoundingPolygonContains"
											classname="Ulisses.Core.Mesh2D.Tests.EditMode.RectMeshTests" runstate="Runnable" seed="242100485" result="Passed" start-time="2022-07-20 18:31:39Z"
											end-time="2022-07-20 18:31:39Z" duration="0.000165" asserts="0">
											<properties />
										</test-case>
										<test-case id="1443" name="TestBoundingPolygonContains(0,0,1,1,0.5f,0,True)"
											fullname="Ulisses.Core.Mesh2D.Tests.EditMode.RectMeshTests.TestBoundingPolygonContains(0,0,1,1,0.5f,0,True)" methodname="TestBoundingPolygonContains"
											classname="Ulisses.Core.Mesh2D.Tests.EditMode.RectMeshTests" runstate="Runnable" seed="1475720948" result="Passed" start-time="2022-07-20 18:31:39Z"
											end-time="2022-07-20 18:31:39Z" duration="0.000113" asserts="0">
											<properties />
										</test-case>
										<test-case id="1444" name="TestBoundingPolygonContains(0,0,1,1,0.5f,0.5f,True)"
											fullname="Ulisses.Core.Mesh2D.Tests.EditMode.RectMeshTests.TestBoundingPolygonContains(0,0,1,1,0.5f,0.5f,True)"
											methodname="TestBoundingPolygonContains" classname="Ulisses.Core.Mesh2D.Tests.EditMode.RectMeshTests" runstate="Runnable" seed="2043113733"
											result="Passed" start-time="2022-07-20 18:31:39Z" end-time="2022-07-20 18:31:39Z" duration="0.000110" asserts="0">
											<properties />
										</test-case>
										<test-case id="1445" name="TestBoundingPolygonContains(0,0,1,1,0.5f,1,True)"
											fullname="Ulisses.Core.Mesh2D.Tests.EditMode.RectMeshTests.TestBoundingPolygonContains(0,0,1,1,0.5f,1,True)" methodname="TestBoundingPolygonContains"
											classname="Ulisses.Core.Mesh2D.Tests.EditMode.RectMeshTests" runstate="Runnable" seed="1309909347" result="Passed" start-time="2022-07-20 18:31:39Z"
											end-time="2022-07-20 18:31:39Z" duration="0.000114" asserts="0">
											<properties />
										</test-case>
										<test-case id="1446" name="TestBoundingPolygonContains(0,0,1,1,1,0,True)"
											fullname="Ulisses.Core.Mesh2D.Tests.EditMode.RectMeshTests.TestBoundingPolygonContains(0,0,1,1,1,0,True)" methodname="TestBoundingPolygonContains"
											classname="Ulisses.Core.Mesh2D.Tests.EditMode.RectMeshTests" runstate="Runnable" seed="1480087332" result="Passed" start-time="2022-07-20 18:31:39Z"
											end-time="2022-07-20 18:31:39Z" duration="0.000128" asserts="0">
											<properties />
										</test-case>
										<test-case id="1447" name="TestBoundingPolygonContains(0,0,1,1,1,0.5f,True)"
											fullname="Ulisses.Core.Mesh2D.Tests.EditMode.RectMeshTests.TestBoundingPolygonContains(0,0,1,1,1,0.5f,True)" methodname="TestBoundingPolygonContains"
											classname="Ulisses.Core.Mesh2D.Tests.EditMode.RectMeshTests" runstate="Runnable" seed="394830602" result="Passed" start-time="2022-07-20 18:31:39Z"
											end-time="2022-07-20 18:31:39Z" duration="0.000113" asserts="0">
											<properties />
										</test-case>
										<test-case id="1448" name="TestBoundingPolygonContains(0,0,1,1,1,1,True)"
											fullname="Ulisses.Core.Mesh2D.Tests.EditMode.RectMeshTests.TestBoundingPolygonContains(0,0,1,1,1,1,True)" methodname="TestBoundingPolygonContains"
											classname="Ulisses.Core.Mesh2D.Tests.EditMode.RectMeshTests" runstate="Runnable" seed="550812351" result="Passed" start-time="2022-07-20 18:31:39Z"
											end-time="2022-07-20 18:31:39Z" duration="0.000113" asserts="0">
											<properties />
										</test-case>
										<test-case id="1449" name="TestBoundingPolygonContains(0,0,1,1,2,2,False)"
											fullname="Ulisses.Core.Mesh2D.Tests.EditMode.RectMeshTests.TestBoundingPolygonContains(0,0,1,1,2,2,False)" methodname="TestBoundingPolygonContains"
											classname="Ulisses.Core.Mesh2D.Tests.EditMode.RectMeshTests" runstate="Runnable" seed="139930832" result="Passed" start-time="2022-07-20 18:31:39Z"
											end-time="2022-07-20 18:31:39Z" duration="0.000140" asserts="0">
											<properties />
										</test-case>
									</test-suite>
									<test-suite type="ParameterizedMethod" id="1412" name="TestConstructor"
										fullname="Ulisses.Core.Mesh2D.Tests.EditMode.RectMeshTests.TestConstructor" classname="Ulisses.Core.Mesh2D.Tests.EditMode.RectMeshTests"
										runstate="Runnable" testcasecount="2" result="Passed" start-time="2022-07-20 18:31:39Z" end-time="2022-07-20 18:31:39Z" duration="0.000956" total="2"
										passed="2" failed="0" inconclusive="0" skipped="0" asserts="0">
										<properties />
										<test-case id="1410" name="TestConstructor(0,0,0,0)" fullname="Ulisses.Core.Mesh2D.Tests.EditMode.RectMeshTests.TestConstructor(0,0,0,0)"
											methodname="TestConstructor" classname="Ulisses.Core.Mesh2D.Tests.EditMode.RectMeshTests" runstate="Runnable" seed="1385634726" result="Passed"
											start-time="2022-07-20 18:31:39Z" end-time="2022-07-20 18:31:39Z" duration="0.000279" asserts="0">
											<properties />
										</test-case>
										<test-case id="1411" name="TestConstructor(1,2,3,4)" fullname="Ulisses.Core.Mesh2D.Tests.EditMode.RectMeshTests.TestConstructor(1,2,3,4)"
											methodname="TestConstructor" classname="Ulisses.Core.Mesh2D.Tests.EditMode.RectMeshTests" runstate="Runnable" seed="166976882" result="Passed"
											start-time="2022-07-20 18:31:39Z" end-time="2022-07-20 18:31:39Z" duration="0.000123" asserts="0">
											<properties />
										</test-case>
									</test-suite>
									<test-suite type="ParameterizedMethod" id="1428" name="TestContains"
										fullname="Ulisses.Core.Mesh2D.Tests.EditMode.RectMeshTests.TestContains" classname="Ulisses.Core.Mesh2D.Tests.EditMode.RectMeshTests"
										runstate="Runnable" testcasecount="10" result="Passed" start-time="2022-07-20 18:31:39Z" end-time="2022-07-20 18:31:39Z" duration="0.005384"
										total="10" passed="10" failed="0" inconclusive="0" skipped="0" asserts="0">
										<properties />
										<test-case id="1418" name="TestContains(0,0,1,1,0,0,True)"
											fullname="Ulisses.Core.Mesh2D.Tests.EditMode.RectMeshTests.TestContains(0,0,1,1,0,0,True)" methodname="TestContains"
											classname="Ulisses.Core.Mesh2D.Tests.EditMode.RectMeshTests" runstate="Runnable" seed="1364459421" result="Passed" start-time="2022-07-20 18:31:39Z"
											end-time="2022-07-20 18:31:39Z" duration="0.000223" asserts="0">
											<properties />
										</test-case>
										<test-case id="1419" name="TestContains(0,0,1,1,0,0.5f,True)"
											fullname="Ulisses.Core.Mesh2D.Tests.EditMode.RectMeshTests.TestContains(0,0,1,1,0,0.5f,True)" methodname="TestContains"
											classname="Ulisses.Core.Mesh2D.Tests.EditMode.RectMeshTests" runstate="Runnable" seed="1323168690" result="Passed" start-time="2022-07-20 18:31:39Z"
											end-time="2022-07-20 18:31:39Z" duration="0.000115" asserts="0">
											<properties />
										</test-case>
										<test-case id="1420" name="TestContains(0,0,1,1,0,1,True)"
											fullname="Ulisses.Core.Mesh2D.Tests.EditMode.RectMeshTests.TestContains(0,0,1,1,0,1,True)" methodname="TestContains"
											classname="Ulisses.Core.Mesh2D.Tests.EditMode.RectMeshTests" runstate="Runnable" seed="475298117" result="Passed" start-time="2022-07-20 18:31:39Z"
											end-time="2022-07-20 18:31:39Z" duration="0.000165" asserts="0">
											<properties />
										</test-case>
										<test-case id="1421" name="TestContains(0,0,1,1,0.5f,0,True)"
											fullname="Ulisses.Core.Mesh2D.Tests.EditMode.RectMeshTests.TestContains(0,0,1,1,0.5f,0,True)" methodname="TestContains"
											classname="Ulisses.Core.Mesh2D.Tests.EditMode.RectMeshTests" runstate="Runnable" seed="1515909266" result="Passed" start-time="2022-07-20 18:31:39Z"
											end-time="2022-07-20 18:31:39Z" duration="0.000111" asserts="0">
											<properties />
										</test-case>
										<test-case id="1422" name="TestContains(0,0,1,1,0.5f,0.5f,True)"
											fullname="Ulisses.Core.Mesh2D.Tests.EditMode.RectMeshTests.TestContains(0,0,1,1,0.5f,0.5f,True)" methodname="TestContains"
											classname="Ulisses.Core.Mesh2D.Tests.EditMode.RectMeshTests" runstate="Runnable" seed="948918387" result="Passed" start-time="2022-07-20 18:31:39Z"
											end-time="2022-07-20 18:31:39Z" duration="0.000109" asserts="0">
											<properties />
										</test-case>
										<test-case id="1423" name="TestContains(0,0,1,1,0.5f,1,True)"
											fullname="Ulisses.Core.Mesh2D.Tests.EditMode.RectMeshTests.TestContains(0,0,1,1,0.5f,1,True)" methodname="TestContains"
											classname="Ulisses.Core.Mesh2D.Tests.EditMode.RectMeshTests" runstate="Runnable" seed="63827247" result="Passed" start-time="2022-07-20 18:31:39Z"
											end-time="2022-07-20 18:31:39Z" duration="0.000106" asserts="0">
											<properties />
										</test-case>
										<test-case id="1424" name="TestContains(0,0,1,1,1,0,True)"
											fullname="Ulisses.Core.Mesh2D.Tests.EditMode.RectMeshTests.TestContains(0,0,1,1,1,0,True)" methodname="TestContains"
											classname="Ulisses.Core.Mesh2D.Tests.EditMode.RectMeshTests" runstate="Runnable" seed="693164691" result="Passed" start-time="2022-07-20 18:31:39Z"
											end-time="2022-07-20 18:31:39Z" duration="0.000116" asserts="0">
											<properties />
										</test-case>
										<test-case id="1425" name="TestContains(0,0,1,1,1,0.5f,True)"
											fullname="Ulisses.Core.Mesh2D.Tests.EditMode.RectMeshTests.TestContains(0,0,1,1,1,0.5f,True)" methodname="TestContains"
											classname="Ulisses.Core.Mesh2D.Tests.EditMode.RectMeshTests" runstate="Runnable" seed="1313741851" result="Passed" start-time="2022-07-20 18:31:39Z"
											end-time="2022-07-20 18:31:39Z" duration="0.000105" asserts="0">
											<properties />
										</test-case>
										<test-case id="1426" name="TestContains(0,0,1,1,1,1,True)"
											fullname="Ulisses.Core.Mesh2D.Tests.EditMode.RectMeshTests.TestContains(0,0,1,1,1,1,True)" methodname="TestContains"
											classname="Ulisses.Core.Mesh2D.Tests.EditMode.RectMeshTests" runstate="Runnable" seed="49830706" result="Passed" start-time="2022-07-20 18:31:39Z"
											end-time="2022-07-20 18:31:39Z" duration="0.000107" asserts="0">
											<properties />
										</test-case>
										<test-case id="1427" name="TestContains(0,0,1,1,2,2,False)"
											fullname="Ulisses.Core.Mesh2D.Tests.EditMode.RectMeshTests.TestContains(0,0,1,1,2,2,False)" methodname="TestContains"
											classname="Ulisses.Core.Mesh2D.Tests.EditMode.RectMeshTests" runstate="Runnable" seed="1258942855" result="Passed" start-time="2022-07-20 18:31:39Z"
											end-time="2022-07-20 18:31:39Z" duration="0.000106" asserts="0">
											<properties />
										</test-case>
									</test-suite>
									<test-suite type="ParameterizedMethod" id="1417" name="TestHasArea" fullname="Ulisses.Core.Mesh2D.Tests.EditMode.RectMeshTests.TestHasArea"
										classname="Ulisses.Core.Mesh2D.Tests.EditMode.RectMeshTests" runstate="Runnable" testcasecount="4" result="Passed" start-time="2022-07-20 18:31:39Z"
										end-time="2022-07-20 18:31:39Z" duration="0.001546" total="4" passed="4" failed="0" inconclusive="0" skipped="0" asserts="0">
										<properties />
										<test-case id="1413" name="TestHasArea(0,0,0,0,False)"
											fullname="Ulisses.Core.Mesh2D.Tests.EditMode.RectMeshTests.TestHasArea(0,0,0,0,False)" methodname="TestHasArea"
											classname="Ulisses.Core.Mesh2D.Tests.EditMode.RectMeshTests" runstate="Runnable" seed="219837883" result="Passed" start-time="2022-07-20 18:31:39Z"
											end-time="2022-07-20 18:31:39Z" duration="0.000291" asserts="0">
											<properties />
										</test-case>
										<test-case id="1414" name="TestHasArea(1,1,1,0,False)"
											fullname="Ulisses.Core.Mesh2D.Tests.EditMode.RectMeshTests.TestHasArea(1,1,1,0,False)" methodname="TestHasArea"
											classname="Ulisses.Core.Mesh2D.Tests.EditMode.RectMeshTests" runstate="Runnable" seed="1634446185" result="Passed" start-time="2022-07-20 18:31:39Z"
											end-time="2022-07-20 18:31:39Z" duration="0.000117" asserts="0">
											<properties />
										</test-case>
										<test-case id="1415" name="TestHasArea(2,2,0,2,False)"
											fullname="Ulisses.Core.Mesh2D.Tests.EditMode.RectMeshTests.TestHasArea(2,2,0,2,False)" methodname="TestHasArea"
											classname="Ulisses.Core.Mesh2D.Tests.EditMode.RectMeshTests" runstate="Runnable" seed="838817459" result="Passed" start-time="2022-07-20 18:31:39Z"
											end-time="2022-07-20 18:31:39Z" duration="0.000106" asserts="0">
											<properties />
										</test-case>
										<test-case id="1416" name="TestHasArea(1,2,3,4,True)" fullname="Ulisses.Core.Mesh2D.Tests.EditMode.RectMeshTests.TestHasArea(1,2,3,4,True)"
											methodname="TestHasArea" classname="Ulisses.Core.Mesh2D.Tests.EditMode.RectMeshTests" runstate="Runnable" seed="1327836233" result="Passed"
											start-time="2022-07-20 18:31:39Z" end-time="2022-07-20 18:31:39Z" duration="0.000107" asserts="0">
											<properties />
										</test-case>
									</test-suite>
									<test-case id="1452" name="TestThatJenkinsWorksWithErrors"
										fullname="Ulisses.Core.Mesh2D.Tests.EditMode.RectMeshTests.TestThatJenkinsWorksWithErrors" methodname="TestThatJenkinsWorksWithErrors"
										classname="Ulisses.Core.Mesh2D.Tests.EditMode.RectMeshTests" runstate="Runnable" seed="1818159082" result="Failed" label="Error"
										start-time="2022-07-20 18:31:39Z" end-time="2022-07-20 18:31:39Z" duration="0.003605" asserts="0">
										<properties />
										<failure>
											<message><![CDATA[System.Exception : Testing that Jenkins works with errors.]]></message>
											<stack-trace><![CDATA[  at Ulisses.Core.Mesh2D.Tests.EditMode.RectMeshTests.TestThatJenkinsWorksWithErrors () [0x00001] in C:\Users\Daniel Schulz\Desktop\Unity\Ulisses.Core\Packages\Ulisses.Core.Mesh2D\Tests\EditMode\RectMeshTests.cs:76 
  at (wrapper managed-to-native) System.Reflection.RuntimeMethodInfo.InternalInvoke(System.Reflection.RuntimeMethodInfo,object,object[],System.Exception&)
  at System.Reflection.RuntimeMethodInfo.Invoke (System.Object obj, System.Reflection.BindingFlags invokeAttr, System.Reflection.Binder binder, System.Object[] parameters, System.Globalization.CultureInfo culture) [0x0006a] in <890d6fe26e8c408ea64b353e791fafce>:0 ]]></stack-trace>
										</failure>
									</test-case>
									<test-case id="1451" name="TestThatJenkinsWorksWithFailures"
										fullname="Ulisses.Core.Mesh2D.Tests.EditMode.RectMeshTests.TestThatJenkinsWorksWithFailures" methodname="TestThatJenkinsWorksWithFailures"
										classname="Ulisses.Core.Mesh2D.Tests.EditMode.RectMeshTests" runstate="Runnable" seed="2139262410" result="Failed" start-time="2022-07-20 18:31:39Z"
										end-time="2022-07-20 18:31:39Z" duration="0.002025" asserts="0">
										<properties />
										<failure>
											<message><![CDATA[  Testing that Jenkins works with failures.
  Expected: False
  But was:  True
]]></message>
											<stack-trace><![CDATA[at Ulisses.Core.Mesh2D.Tests.EditMode.RectMeshTests.TestThatJenkinsWorksWithFailures () [0x00001] in C:\Users\Daniel Schulz\Desktop\Unity\Ulisses.Core\Packages\Ulisses.Core.Mesh2D\Tests\EditMode\RectMeshTests.cs:71
]]></stack-trace>
										</failure>
									</test-case>
								</test-suite>
							</test-suite>
						</test-suite>
					</test-suite>
				</test-suite>
			</test-suite>
		</test-suite>
		<test-suite type="Assembly" id="1517" name="Ulisses.Core.MVVM.Tests.EditMode.dll"
			fullname="C:/Users/Daniel Schulz/Desktop/Unity/Ulisses.Core/Library/ScriptAssemblies/Ulisses.Core.MVVM.Tests.EditMode.dll" runstate="Runnable"
			testcasecount="49" result="Passed" start-time="2022-07-20 18:31:39Z" end-time="2022-07-20 18:31:39Z" duration="0.281741" total="49" passed="49" failed="0"
			inconclusive="0" skipped="0" asserts="0">
			<properties>
				<property name="_PID" value="160" />
				<property name="_APPDOMAIN" value="Unity Child Domain" />
				<property name="platform" value="EditMode" />
			</properties>
			<test-suite type="TestSuite" id="1518" name="Ulisses" fullname="Ulisses" runstate="Runnable" testcasecount="49" result="Passed"
				start-time="2022-07-20 18:31:39Z" end-time="2022-07-20 18:31:39Z" duration="0.280920" total="49" passed="49" failed="0" inconclusive="0" skipped="0"
				asserts="0">
				<properties />
				<test-suite type="TestSuite" id="1519" name="Core" fullname="Ulisses.Core" runstate="Runnable" testcasecount="49" result="Passed"
					start-time="2022-07-20 18:31:39Z" end-time="2022-07-20 18:31:39Z" duration="0.277356" total="49" passed="49" failed="0" inconclusive="0" skipped="0"
					asserts="0">
					<properties />
					<test-suite type="TestSuite" id="1520" name="MVVM" fullname="Ulisses.Core.MVVM" runstate="Runnable" testcasecount="49" result="Passed"
						start-time="2022-07-20 18:31:39Z" end-time="2022-07-20 18:31:39Z" duration="0.272380" total="49" passed="49" failed="0" inconclusive="0" skipped="0"
						asserts="0">
						<properties />
						<test-suite type="TestSuite" id="1521" name="Tests" fullname="Ulisses.Core.MVVM.Tests" runstate="Runnable" testcasecount="49" result="Passed"
							start-time="2022-07-20 18:31:39Z" end-time="2022-07-20 18:31:39Z" duration="0.268842" total="49" passed="49" failed="0" inconclusive="0" skipped="0"
							asserts="0">
							<properties />
							<test-suite type="TestSuite" id="1522" name="EditMode" fullname="Ulisses.Core.MVVM.Tests.EditMode" runstate="Runnable" testcasecount="49"
								result="Passed" start-time="2022-07-20 18:31:39Z" end-time="2022-07-20 18:31:39Z" duration="0.264509" total="49" passed="49" failed="0" inconclusive="0"
								skipped="0" asserts="0">
								<properties />
								<test-suite type="TestFixture" id="1459" name="AssetTests" fullname="Ulisses.Core.MVVM.Tests.EditMode.AssetTests"
									classname="Ulisses.Core.MVVM.Tests.EditMode.AssetTests" runstate="Runnable" testcasecount="2" result="Passed" start-time="2022-07-20 18:31:39Z"
									end-time="2022-07-20 18:31:39Z" duration="0.198842" total="2" passed="2" failed="0" inconclusive="0" skipped="0" asserts="0">
									<properties />
									<test-case id="1460" name="BindableCollectionAssetTest" fullname="Ulisses.Core.MVVM.Tests.EditMode.AssetTests.BindableCollectionAssetTest"
										methodname="BindableCollectionAssetTest" classname="Ulisses.Core.MVVM.Tests.EditMode.AssetTests" runstate="Runnable" seed="75141943" result="Passed"
										start-time="2022-07-20 18:31:39Z" end-time="2022-07-20 18:31:39Z" duration="0.186363" asserts="0">
										<properties />
									</test-case>
									<test-case id="1461" name="BindableCollectionSerializeTest"
										fullname="Ulisses.Core.MVVM.Tests.EditMode.AssetTests.BindableCollectionSerializeTest" methodname="BindableCollectionSerializeTest"
										classname="Ulisses.Core.MVVM.Tests.EditMode.AssetTests" runstate="Runnable" seed="1433677723" result="Passed" start-time="2022-07-20 18:31:39Z"
										end-time="2022-07-20 18:31:39Z" duration="0.008846" asserts="0">
										<properties />
									</test-case>
								</test-suite>
								<test-suite type="TestFixture" id="1462" name="BindableCollectionSegmentTests"
									fullname="Ulisses.Core.MVVM.Tests.EditMode.BindableCollectionSegmentTests" classname="Ulisses.Core.MVVM.Tests.EditMode.BindableCollectionSegmentTests"
									runstate="Runnable" testcasecount="3" result="Passed" start-time="2022-07-20 18:31:39Z" end-time="2022-07-20 18:31:39Z" duration="0.004736" total="3"
									passed="3" failed="0" inconclusive="0" skipped="0" asserts="0">
									<properties />
									<test-case id="1463" name="AddItemListenSegmentsTest"
										fullname="Ulisses.Core.MVVM.Tests.EditMode.BindableCollectionSegmentTests.AddItemListenSegmentsTest" methodname="AddItemListenSegmentsTest"
										classname="Ulisses.Core.MVVM.Tests.EditMode.BindableCollectionSegmentTests" runstate="Runnable" seed="439421056" result="Passed"
										start-time="2022-07-20 18:31:39Z" end-time="2022-07-20 18:31:39Z" duration="0.001027" asserts="0">
										<properties />
									</test-case>
									<test-case id="1465" name="ChangeItemListenSegmentTest"
										fullname="Ulisses.Core.MVVM.Tests.EditMode.BindableCollectionSegmentTests.ChangeItemListenSegmentTest" methodname="ChangeItemListenSegmentTest"
										classname="Ulisses.Core.MVVM.Tests.EditMode.BindableCollectionSegmentTests" runstate="Runnable" seed="1203024254" result="Passed"
										start-time="2022-07-20 18:31:39Z" end-time="2022-07-20 18:31:39Z" duration="0.001588" asserts="0">
										<properties />
									</test-case>
									<test-case id="1464" name="SetItemListenSegmentTest"
										fullname="Ulisses.Core.MVVM.Tests.EditMode.BindableCollectionSegmentTests.SetItemListenSegmentTest" methodname="SetItemListenSegmentTest"
										classname="Ulisses.Core.MVVM.Tests.EditMode.BindableCollectionSegmentTests" runstate="Runnable" seed="1480284734" result="Passed"
										start-time="2022-07-20 18:31:39Z" end-time="2022-07-20 18:31:39Z" duration="0.000738" asserts="0">
										<properties />
									</test-case>
								</test-suite>
								<test-suite type="TestFixture" id="1466" name="BindableCollectionStringTests"
									fullname="Ulisses.Core.MVVM.Tests.EditMode.BindableCollectionStringTests" classname="Ulisses.Core.MVVM.Tests.EditMode.BindableCollectionStringTests"
									runstate="Runnable" testcasecount="13" result="Passed" start-time="2022-07-20 18:31:39Z" end-time="2022-07-20 18:31:39Z" duration="0.013288" total="13"
									passed="13" failed="0" inconclusive="0" skipped="0" asserts="0">
									<properties />
									<test-case id="1468" name="AddStringListenerTest"
										fullname="Ulisses.Core.MVVM.Tests.EditMode.BindableCollectionStringTests.AddStringListenerTest" methodname="AddStringListenerTest"
										classname="Ulisses.Core.MVVM.Tests.EditMode.BindableCollectionStringTests" runstate="Runnable" seed="428291205" result="Passed"
										start-time="2022-07-20 18:31:39Z" end-time="2022-07-20 18:31:39Z" duration="0.000855" asserts="0">
										<properties />
									</test-case>
									<test-case id="1467" name="AddStringTest" fullname="Ulisses.Core.MVVM.Tests.EditMode.BindableCollectionStringTests.AddStringTest"
										methodname="AddStringTest" classname="Ulisses.Core.MVVM.Tests.EditMode.BindableCollectionStringTests" runstate="Runnable" seed="184207711"
										result="Passed" start-time="2022-07-20 18:31:39Z" end-time="2022-07-20 18:31:39Z" duration="0.000344" asserts="0">
										<properties />
									</test-case>
									<test-case id="1474" name="ClearEmptyTest" fullname="Ulisses.Core.MVVM.Tests.EditMode.BindableCollectionStringTests.ClearEmptyTest"
										methodname="ClearEmptyTest" classname="Ulisses.Core.MVVM.Tests.EditMode.BindableCollectionStringTests" runstate="Runnable" seed="883890392"
										result="Passed" start-time="2022-07-20 18:31:39Z" end-time="2022-07-20 18:31:39Z" duration="0.002811" asserts="0">
										<properties />
									</test-case>
									<test-case id="1475" name="ClearListenerTest" fullname="Ulisses.Core.MVVM.Tests.EditMode.BindableCollectionStringTests.ClearListenerTest"
										methodname="ClearListenerTest" classname="Ulisses.Core.MVVM.Tests.EditMode.BindableCollectionStringTests" runstate="Runnable" seed="173987901"
										result="Passed" start-time="2022-07-20 18:31:39Z" end-time="2022-07-20 18:31:39Z" duration="0.001134" asserts="0">
										<properties />
									</test-case>
									<test-case id="1473" name="ClearTest" fullname="Ulisses.Core.MVVM.Tests.EditMode.BindableCollectionStringTests.ClearTest"
										methodname="ClearTest" classname="Ulisses.Core.MVVM.Tests.EditMode.BindableCollectionStringTests" runstate="Runnable" seed="492362094" result="Passed"
										start-time="2022-07-20 18:31:39Z" end-time="2022-07-20 18:31:39Z" duration="0.000385" asserts="0">
										<properties />
									</test-case>
									<test-case id="1470" name="InsertStringListenerTest"
										fullname="Ulisses.Core.MVVM.Tests.EditMode.BindableCollectionStringTests.InsertStringListenerTest" methodname="InsertStringListenerTest"
										classname="Ulisses.Core.MVVM.Tests.EditMode.BindableCollectionStringTests" runstate="Runnable" seed="1214595650" result="Passed"
										start-time="2022-07-20 18:31:39Z" end-time="2022-07-20 18:31:39Z" duration="0.000661" asserts="0">
										<properties />
									</test-case>
									<test-case id="1469" name="InsertStringTest" fullname="Ulisses.Core.MVVM.Tests.EditMode.BindableCollectionStringTests.InsertStringTest"
										methodname="InsertStringTest" classname="Ulisses.Core.MVVM.Tests.EditMode.BindableCollectionStringTests" runstate="Runnable" seed="1727792707"
										result="Passed" start-time="2022-07-20 18:31:39Z" end-time="2022-07-20 18:31:39Z" duration="0.000334" asserts="0">
										<properties />
									</test-case>
									<test-case id="1479" name="RemoveItemAtListenerTest"
										fullname="Ulisses.Core.MVVM.Tests.EditMode.BindableCollectionStringTests.RemoveItemAtListenerTest" methodname="RemoveItemAtListenerTest"
										classname="Ulisses.Core.MVVM.Tests.EditMode.BindableCollectionStringTests" runstate="Runnable" seed="216796125" result="Passed"
										start-time="2022-07-20 18:31:39Z" end-time="2022-07-20 18:31:39Z" duration="0.001065" asserts="0">
										<properties />
									</test-case>
									<test-case id="1477" name="RemoveItemAtTest" fullname="Ulisses.Core.MVVM.Tests.EditMode.BindableCollectionStringTests.RemoveItemAtTest"
										methodname="RemoveItemAtTest" classname="Ulisses.Core.MVVM.Tests.EditMode.BindableCollectionStringTests" runstate="Runnable" seed="1526602825"
										result="Passed" start-time="2022-07-20 18:31:39Z" end-time="2022-07-20 18:31:39Z" duration="0.000315" asserts="0">
										<properties />
									</test-case>
									<test-case id="1478" name="RemoveItemListenerTest"
										fullname="Ulisses.Core.MVVM.Tests.EditMode.BindableCollectionStringTests.RemoveItemListenerTest" methodname="RemoveItemListenerTest"
										classname="Ulisses.Core.MVVM.Tests.EditMode.BindableCollectionStringTests" runstate="Runnable" seed="36241991" result="Passed"
										start-time="2022-07-20 18:31:39Z" end-time="2022-07-20 18:31:39Z" duration="0.000780" asserts="0">
										<properties />
									</test-case>
									<test-case id="1476" name="RemoveItemTest" fullname="Ulisses.Core.MVVM.Tests.EditMode.BindableCollectionStringTests.RemoveItemTest"
										methodname="RemoveItemTest" classname="Ulisses.Core.MVVM.Tests.EditMode.BindableCollectionStringTests" runstate="Runnable" seed="1690520343"
										result="Passed" start-time="2022-07-20 18:31:39Z" end-time="2022-07-20 18:31:39Z" duration="0.000324" asserts="0">
										<properties />
									</test-case>
									<test-case id="1472" name="SetStringListenerTest"
										fullname="Ulisses.Core.MVVM.Tests.EditMode.BindableCollectionStringTests.SetStringListenerTest" methodname="SetStringListenerTest"
										classname="Ulisses.Core.MVVM.Tests.EditMode.BindableCollectionStringTests" runstate="Runnable" seed="1216620312" result="Passed"
										start-time="2022-07-20 18:31:39Z" end-time="2022-07-20 18:31:39Z" duration="0.000547" asserts="0">
										<properties />
									</test-case>
									<test-case id="1471" name="SetStringTest" fullname="Ulisses.Core.MVVM.Tests.EditMode.BindableCollectionStringTests.SetStringTest"
										methodname="SetStringTest" classname="Ulisses.Core.MVVM.Tests.EditMode.BindableCollectionStringTests" runstate="Runnable" seed="1687840437"
										result="Passed" start-time="2022-07-20 18:31:39Z" end-time="2022-07-20 18:31:39Z" duration="0.000337" asserts="0">
										<properties />
									</test-case>
								</test-suite>
								<test-suite type="TestFixture" id="1480" name="BindingPropertiesOfTypeTests"
									fullname="Ulisses.Core.MVVM.Tests.EditMode.BindingPropertiesOfTypeTests" classname="Ulisses.Core.MVVM.Tests.EditMode.BindingPropertiesOfTypeTests"
									runstate="Runnable" testcasecount="3" result="Passed" start-time="2022-07-20 18:31:39Z" end-time="2022-07-20 18:31:39Z" duration="0.005051" total="3"
									passed="3" failed="0" inconclusive="0" skipped="0" asserts="0">
									<properties />
									<test-case id="1483" name="BindableCollectionModelTest"
										fullname="Ulisses.Core.MVVM.Tests.EditMode.BindingPropertiesOfTypeTests.BindableCollectionModelTest" methodname="BindableCollectionModelTest"
										classname="Ulisses.Core.MVVM.Tests.EditMode.BindingPropertiesOfTypeTests" runstate="Runnable" seed="1822854220" result="Passed"
										start-time="2022-07-20 18:31:39Z" end-time="2022-07-20 18:31:39Z" duration="0.002600" asserts="0">
										<properties />
									</test-case>
									<test-case id="1482" name="SimpleModelTest" fullname="Ulisses.Core.MVVM.Tests.EditMode.BindingPropertiesOfTypeTests.SimpleModelTest"
										methodname="SimpleModelTest" classname="Ulisses.Core.MVVM.Tests.EditMode.BindingPropertiesOfTypeTests" runstate="Runnable" seed="71354969"
										result="Passed" start-time="2022-07-20 18:31:39Z" end-time="2022-07-20 18:31:39Z" duration="0.001033" asserts="0">
										<properties />
									</test-case>
									<test-case id="1481" name="StringTest" fullname="Ulisses.Core.MVVM.Tests.EditMode.BindingPropertiesOfTypeTests.StringTest"
										methodname="StringTest" classname="Ulisses.Core.MVVM.Tests.EditMode.BindingPropertiesOfTypeTests" runstate="Runnable" seed="1437569843"
										result="Passed" start-time="2022-07-20 18:31:39Z" end-time="2022-07-20 18:31:39Z" duration="0.000200" asserts="0">
										<properties />
									</test-case>
								</test-suite>
								<test-suite type="TestFixture" id="1484" name="ChangesOnTests" fullname="Ulisses.Core.MVVM.Tests.EditMode.ChangesOnTests"
									classname="Ulisses.Core.MVVM.Tests.EditMode.ChangesOnTests" runstate="Runnable" testcasecount="1" result="Passed" start-time="2022-07-20 18:31:39Z"
									end-time="2022-07-20 18:31:39Z" duration="0.001834" total="1" passed="1" failed="0" inconclusive="0" skipped="0" asserts="0">
									<properties />
									<test-case id="1485" name="ChangeOnFullnameTest" fullname="Ulisses.Core.MVVM.Tests.EditMode.ChangesOnTests.ChangeOnFullnameTest"
										methodname="ChangeOnFullnameTest" classname="Ulisses.Core.MVVM.Tests.EditMode.ChangesOnTests" runstate="Runnable" seed="1671442159" result="Passed"
										start-time="2022-07-20 18:31:39Z" end-time="2022-07-20 18:31:39Z" duration="0.001118" asserts="0">
										<properties />
									</test-case>
								</test-suite>
								<test-suite type="TestFixture" id="1486" name="ModelBaseTests" fullname="Ulisses.Core.MVVM.Tests.EditMode.ModelBaseTests"
									classname="Ulisses.Core.MVVM.Tests.EditMode.ModelBaseTests" runstate="Runnable" testcasecount="12" result="Passed" start-time="2022-07-20 18:31:39Z"
									end-time="2022-07-20 18:31:39Z" duration="0.013825" total="12" passed="12" failed="0" inconclusive="0" skipped="0" asserts="0">
									<properties />
									<test-case id="1494" name="BulkEditMultipleApplyDamageAliveTest"
										fullname="Ulisses.Core.MVVM.Tests.EditMode.ModelBaseTests.BulkEditMultipleApplyDamageAliveTest" methodname="BulkEditMultipleApplyDamageAliveTest"
										classname="Ulisses.Core.MVVM.Tests.EditMode.ModelBaseTests" runstate="Runnable" seed="1902200872" result="Passed" start-time="2022-07-20 18:31:39Z"
										end-time="2022-07-20 18:31:39Z" duration="0.001538" asserts="0">
										<properties />
									</test-case>
									<test-case id="1495" name="BulkEditMultipleApplyDamageDeadTest"
										fullname="Ulisses.Core.MVVM.Tests.EditMode.ModelBaseTests.BulkEditMultipleApplyDamageDeadTest" methodname="BulkEditMultipleApplyDamageDeadTest"
										classname="Ulisses.Core.MVVM.Tests.EditMode.ModelBaseTests" runstate="Runnable" seed="2138520961" result="Passed" start-time="2022-07-20 18:31:39Z"
										end-time="2022-07-20 18:31:39Z" duration="0.000775" asserts="0">
										<properties />
									</test-case>
									<test-case id="1493" name="BulkEditMultipleTest" fullname="Ulisses.Core.MVVM.Tests.EditMode.ModelBaseTests.BulkEditMultipleTest"
										methodname="BulkEditMultipleTest" classname="Ulisses.Core.MVVM.Tests.EditMode.ModelBaseTests" runstate="Runnable" seed="586770697" result="Passed"
										start-time="2022-07-20 18:31:39Z" end-time="2022-07-20 18:31:39Z" duration="0.000821" asserts="0">
										<properties />
									</test-case>
									<test-case id="1492" name="BulkEditSingleTest" fullname="Ulisses.Core.MVVM.Tests.EditMode.ModelBaseTests.BulkEditSingleTest"
										methodname="BulkEditSingleTest" classname="Ulisses.Core.MVVM.Tests.EditMode.ModelBaseTests" runstate="Runnable" seed="923922919" result="Passed"
										start-time="2022-07-20 18:31:39Z" end-time="2022-07-20 18:31:39Z" duration="0.000667" asserts="0">
										<properties />
									</test-case>
									<test-case id="1496" name="BulkEditStackedExclusiveTest"
										fullname="Ulisses.Core.MVVM.Tests.EditMode.ModelBaseTests.BulkEditStackedExclusiveTest" methodname="BulkEditStackedExclusiveTest"
										classname="Ulisses.Core.MVVM.Tests.EditMode.ModelBaseTests" runstate="Runnable" seed="2105214336" result="Passed" start-time="2022-07-20 18:31:39Z"
										end-time="2022-07-20 18:31:39Z" duration="0.000788" asserts="0">
										<properties />
									</test-case>
									<test-case id="1498" name="BulkEditStackedImmediateTest"
										fullname="Ulisses.Core.MVVM.Tests.EditMode.ModelBaseTests.BulkEditStackedImmediateTest" methodname="BulkEditStackedImmediateTest"
										classname="Ulisses.Core.MVVM.Tests.EditMode.ModelBaseTests" runstate="Runnable" seed="2027960974" result="Passed" start-time="2022-07-20 18:31:39Z"
										end-time="2022-07-20 18:31:39Z" duration="0.000838" asserts="0">
										<properties />
									</test-case>
									<test-case id="1497" name="BulkEditStackedOverlappingTest"
										fullname="Ulisses.Core.MVVM.Tests.EditMode.ModelBaseTests.BulkEditStackedOverlappingTest" methodname="BulkEditStackedOverlappingTest"
										classname="Ulisses.Core.MVVM.Tests.EditMode.ModelBaseTests" runstate="Runnable" seed="1845227774" result="Passed" start-time="2022-07-20 18:31:39Z"
										end-time="2022-07-20 18:31:39Z" duration="0.000742" asserts="0">
										<properties />
									</test-case>
									<test-case id="1488" name="UpdateMaxHealthAtZeroHealthTest"
										fullname="Ulisses.Core.MVVM.Tests.EditMode.ModelBaseTests.UpdateMaxHealthAtZeroHealthTest" methodname="UpdateMaxHealthAtZeroHealthTest"
										classname="Ulisses.Core.MVVM.Tests.EditMode.ModelBaseTests" runstate="Runnable" seed="1778489250" result="Passed" start-time="2022-07-20 18:31:39Z"
										end-time="2022-07-20 18:31:39Z" duration="0.000593" asserts="0">
										<properties />
									</test-case>
									<test-case id="1490" name="UpdateMaxHealthEqualHealthTest"
										fullname="Ulisses.Core.MVVM.Tests.EditMode.ModelBaseTests.UpdateMaxHealthEqualHealthTest" methodname="UpdateMaxHealthEqualHealthTest"
										classname="Ulisses.Core.MVVM.Tests.EditMode.ModelBaseTests" runstate="Runnable" seed="671666806" result="Passed" start-time="2022-07-20 18:31:39Z"
										end-time="2022-07-20 18:31:39Z" duration="0.000606" asserts="0">
										<properties />
									</test-case>
									<test-case id="1491" name="UpdateMaxHealthHigherHealthTest"
										fullname="Ulisses.Core.MVVM.Tests.EditMode.ModelBaseTests.UpdateMaxHealthHigherHealthTest" methodname="UpdateMaxHealthHigherHealthTest"
										classname="Ulisses.Core.MVVM.Tests.EditMode.ModelBaseTests" runstate="Runnable" seed="1215726301" result="Passed" start-time="2022-07-20 18:31:39Z"
										end-time="2022-07-20 18:31:39Z" duration="0.000729" asserts="0">
										<properties />
									</test-case>
									<test-case id="1489" name="UpdateMaxHealthLowerHealthTest"
										fullname="Ulisses.Core.MVVM.Tests.EditMode.ModelBaseTests.UpdateMaxHealthLowerHealthTest" methodname="UpdateMaxHealthLowerHealthTest"
										classname="Ulisses.Core.MVVM.Tests.EditMode.ModelBaseTests" runstate="Runnable" seed="1244023212" result="Passed" start-time="2022-07-20 18:31:39Z"
										end-time="2022-07-20 18:31:39Z" duration="0.000613" asserts="0">
										<properties />
									</test-case>
									<test-case id="1487" name="UpdateNameTest" fullname="Ulisses.Core.MVVM.Tests.EditMode.ModelBaseTests.UpdateNameTest"
										methodname="UpdateNameTest" classname="Ulisses.Core.MVVM.Tests.EditMode.ModelBaseTests" runstate="Runnable" seed="2071159594" result="Passed"
										start-time="2022-07-20 18:31:39Z" end-time="2022-07-20 18:31:39Z" duration="0.000665" asserts="0">
										<properties />
									</test-case>
								</test-suite>
								<test-suite type="TestFixture" id="1499" name="ModelClassTests" fullname="Ulisses.Core.MVVM.Tests.EditMode.ModelClassTests"
									classname="Ulisses.Core.MVVM.Tests.EditMode.ModelClassTests" runstate="Runnable" testcasecount="6" result="Passed" start-time="2022-07-20 18:31:39Z"
									end-time="2022-07-20 18:31:39Z" duration="0.009224" total="6" passed="6" failed="0" inconclusive="0" skipped="0" asserts="0">
									<properties />
									<test-case id="1505" name="BulkEditMultipleTest" fullname="Ulisses.Core.MVVM.Tests.EditMode.ModelClassTests.BulkEditMultipleTest"
										methodname="BulkEditMultipleTest" classname="Ulisses.Core.MVVM.Tests.EditMode.ModelClassTests" runstate="Runnable" seed="1963155277" result="Passed"
										start-time="2022-07-20 18:31:39Z" end-time="2022-07-20 18:31:39Z" duration="0.001414" asserts="0">
										<properties />
									</test-case>
									<test-case id="1504" name="BulkEditSingleTest" fullname="Ulisses.Core.MVVM.Tests.EditMode.ModelClassTests.BulkEditSingleTest"
										methodname="BulkEditSingleTest" classname="Ulisses.Core.MVVM.Tests.EditMode.ModelClassTests" runstate="Runnable" seed="341673486" result="Passed"
										start-time="2022-07-20 18:31:39Z" end-time="2022-07-20 18:31:39Z" duration="0.000497" asserts="0">
										<properties />
									</test-case>
									<test-case id="1503" name="ChildValuePropertySetTest" fullname="Ulisses.Core.MVVM.Tests.EditMode.ModelClassTests.ChildValuePropertySetTest"
										methodname="ChildValuePropertySetTest" classname="Ulisses.Core.MVVM.Tests.EditMode.ModelClassTests" runstate="Runnable" seed="1675378418"
										result="Passed" start-time="2022-07-20 18:31:39Z" end-time="2022-07-20 18:31:39Z" duration="0.000977" asserts="0">
										<properties />
									</test-case>
									<test-case id="1502" name="ReferencePropertySetNullTest"
										fullname="Ulisses.Core.MVVM.Tests.EditMode.ModelClassTests.ReferencePropertySetNullTest" methodname="ReferencePropertySetNullTest"
										classname="Ulisses.Core.MVVM.Tests.EditMode.ModelClassTests" runstate="Runnable" seed="250008244" result="Passed" start-time="2022-07-20 18:31:39Z"
										end-time="2022-07-20 18:31:39Z" duration="0.001928" asserts="0">
										<properties />
									</test-case>
									<test-case id="1501" name="ReferencePropertySetTest" fullname="Ulisses.Core.MVVM.Tests.EditMode.ModelClassTests.ReferencePropertySetTest"
										methodname="ReferencePropertySetTest" classname="Ulisses.Core.MVVM.Tests.EditMode.ModelClassTests" runstate="Runnable" seed="223243155"
										result="Passed" start-time="2022-07-20 18:31:39Z" end-time="2022-07-20 18:31:39Z" duration="0.001491" asserts="0">
										<properties />
									</test-case>
									<test-case id="1500" name="ValuePropertySetTest" fullname="Ulisses.Core.MVVM.Tests.EditMode.ModelClassTests.ValuePropertySetTest"
										methodname="ValuePropertySetTest" classname="Ulisses.Core.MVVM.Tests.EditMode.ModelClassTests" runstate="Runnable" seed="1987751432" result="Passed"
										start-time="2022-07-20 18:31:39Z" end-time="2022-07-20 18:31:39Z" duration="0.000466" asserts="0">
										<properties />
									</test-case>
								</test-suite>
								<test-suite type="TestFixture" id="1506" name="ReferenceModelTests" fullname="Ulisses.Core.MVVM.Tests.EditMode.ReferenceModelTests"
									classname="Ulisses.Core.MVVM.Tests.EditMode.ReferenceModelTests" runstate="Runnable" testcasecount="3" result="Passed"
									start-time="2022-07-20 18:31:39Z" end-time="2022-07-20 18:31:39Z" duration="0.007234" total="3" passed="3" failed="0" inconclusive="0" skipped="0"
									asserts="0">
									<properties />
									<test-case id="1507" name="LinkReferenceTest" fullname="Ulisses.Core.MVVM.Tests.EditMode.ReferenceModelTests.LinkReferenceTest"
										methodname="LinkReferenceTest" classname="Ulisses.Core.MVVM.Tests.EditMode.ReferenceModelTests" runstate="Runnable" seed="477328426" result="Passed"
										start-time="2022-07-20 18:31:39Z" end-time="2022-07-20 18:31:39Z" duration="0.002159" asserts="0">
										<properties />
									</test-case>
									<test-case id="1509" name="RelinkReferenceTest" fullname="Ulisses.Core.MVVM.Tests.EditMode.ReferenceModelTests.RelinkReferenceTest"
										methodname="RelinkReferenceTest" classname="Ulisses.Core.MVVM.Tests.EditMode.ReferenceModelTests" runstate="Runnable" seed="269463678" result="Passed"
										start-time="2022-07-20 18:31:39Z" end-time="2022-07-20 18:31:39Z" duration="0.002023" asserts="0">
										<properties />
									</test-case>
									<test-case id="1508" name="UnlinkReferenceTest" fullname="Ulisses.Core.MVVM.Tests.EditMode.ReferenceModelTests.UnlinkReferenceTest"
										methodname="UnlinkReferenceTest" classname="Ulisses.Core.MVVM.Tests.EditMode.ReferenceModelTests" runstate="Runnable" seed="1590415960"
										result="Passed" start-time="2022-07-20 18:31:39Z" end-time="2022-07-20 18:31:39Z" duration="0.001833" asserts="0">
										<properties />
									</test-case>
								</test-suite>
								<test-suite type="TestFixture" id="1510" name="TypeExtensionsTests" fullname="Ulisses.Core.MVVM.Tests.EditMode.TypeExtensionsTests"
									classname="Ulisses.Core.MVVM.Tests.EditMode.TypeExtensionsTests" runstate="Runnable" testcasecount="6" result="Passed"
									start-time="2022-07-20 18:31:39Z" end-time="2022-07-20 18:31:39Z" duration="0.004975" total="6" passed="6" failed="0" inconclusive="0" skipped="0"
									asserts="0">
									<properties />
									<test-case id="1515" name="GetPrivateFieldsComplexModelTest"
										fullname="Ulisses.Core.MVVM.Tests.EditMode.TypeExtensionsTests.GetPrivateFieldsComplexModelTest" methodname="GetPrivateFieldsComplexModelTest"
										classname="Ulisses.Core.MVVM.Tests.EditMode.TypeExtensionsTests" runstate="Runnable" seed="1215456429" result="Passed"
										start-time="2022-07-20 18:31:39Z" end-time="2022-07-20 18:31:39Z" duration="0.000827" asserts="0">
										<properties />
									</test-case>
									<test-case id="1516" name="GetPrivateFieldsDerivedModelTest"
										fullname="Ulisses.Core.MVVM.Tests.EditMode.TypeExtensionsTests.GetPrivateFieldsDerivedModelTest" methodname="GetPrivateFieldsDerivedModelTest"
										classname="Ulisses.Core.MVVM.Tests.EditMode.TypeExtensionsTests" runstate="Runnable" seed="300603590" result="Passed"
										start-time="2022-07-20 18:31:39Z" end-time="2022-07-20 18:31:39Z" duration="0.000647" asserts="0">
										<properties />
									</test-case>
									<test-case id="1514" name="GetPrivateFieldsSimpleModelTest"
										fullname="Ulisses.Core.MVVM.Tests.EditMode.TypeExtensionsTests.GetPrivateFieldsSimpleModelTest" methodname="GetPrivateFieldsSimpleModelTest"
										classname="Ulisses.Core.MVVM.Tests.EditMode.TypeExtensionsTests" runstate="Runnable" seed="724276033" result="Passed"
										start-time="2022-07-20 18:31:39Z" end-time="2022-07-20 18:31:39Z" duration="0.000558" asserts="0">
										<properties />
									</test-case>
									<test-case id="1512" name="GetPrivateMethodsComplexModelTest"
										fullname="Ulisses.Core.MVVM.Tests.EditMode.TypeExtensionsTests.GetPrivateMethodsComplexModelTest" methodname="GetPrivateMethodsComplexModelTest"
										classname="Ulisses.Core.MVVM.Tests.EditMode.TypeExtensionsTests" runstate="Runnable" seed="1547266086" result="Passed"
										start-time="2022-07-20 18:31:39Z" end-time="2022-07-20 18:31:39Z" duration="0.000510" asserts="0">
										<properties />
									</test-case>
									<test-case id="1513" name="GetPrivateMethodsDerivedModelTest"
										fullname="Ulisses.Core.MVVM.Tests.EditMode.TypeExtensionsTests.GetPrivateMethodsDerivedModelTest" methodname="GetPrivateMethodsDerivedModelTest"
										classname="Ulisses.Core.MVVM.Tests.EditMode.TypeExtensionsTests" runstate="Runnable" seed="2135328369" result="Passed"
										start-time="2022-07-20 18:31:39Z" end-time="2022-07-20 18:31:39Z" duration="0.000301" asserts="0">
										<properties />
									</test-case>
									<test-case id="1511" name="GetPrivateMethodsSimpleModelTest"
										fullname="Ulisses.Core.MVVM.Tests.EditMode.TypeExtensionsTests.GetPrivateMethodsSimpleModelTest" methodname="GetPrivateMethodsSimpleModelTest"
										classname="Ulisses.Core.MVVM.Tests.EditMode.TypeExtensionsTests" runstate="Runnable" seed="1979626088" result="Passed"
										start-time="2022-07-20 18:31:39Z" end-time="2022-07-20 18:31:39Z" duration="0.000284" asserts="0">
										<properties />
									</test-case>
								</test-suite>
							</test-suite>
						</test-suite>
					</test-suite>
				</test-suite>
			</test-suite>
		</test-suite>
		<test-suite type="Assembly" id="1549" name="Ulisses.Core.UnityUI.Tests.EditMode.dll"
			fullname="C:/Users/Daniel Schulz/Desktop/Unity/Ulisses.Core/Library/ScriptAssemblies/Ulisses.Core.UnityUI.Tests.EditMode.dll" runstate="Runnable"
			testcasecount="20" result="Passed" start-time="2022-07-20 18:31:39Z" end-time="2022-07-20 18:31:39Z" duration="0.297790" total="20" passed="20" failed="0"
			inconclusive="0" skipped="0" asserts="0">
			<properties>
				<property name="_PID" value="160" />
				<property name="_APPDOMAIN" value="Unity Child Domain" />
				<property name="platform" value="EditMode" />
			</properties>
			<test-suite type="TestSuite" id="1550" name="Ulisses" fullname="Ulisses" runstate="Runnable" testcasecount="20" result="Passed"
				start-time="2022-07-20 18:31:39Z" end-time="2022-07-20 18:31:39Z" duration="0.297221" total="20" passed="20" failed="0" inconclusive="0" skipped="0"
				asserts="0">
				<properties />
				<test-suite type="TestSuite" id="1551" name="Core" fullname="Ulisses.Core" runstate="Runnable" testcasecount="20" result="Passed"
					start-time="2022-07-20 18:31:39Z" end-time="2022-07-20 18:31:39Z" duration="0.294175" total="20" passed="20" failed="0" inconclusive="0" skipped="0"
					asserts="0">
					<properties />
					<test-suite type="TestSuite" id="1552" name="UnityUI" fullname="Ulisses.Core.UnityUI" runstate="Runnable" testcasecount="20" result="Passed"
						start-time="2022-07-20 18:31:39Z" end-time="2022-07-20 18:31:39Z" duration="0.289850" total="20" passed="20" failed="0" inconclusive="0" skipped="0"
						asserts="0">
						<properties />
						<test-suite type="TestSuite" id="1553" name="Tests" fullname="Ulisses.Core.UnityUI.Tests" runstate="Runnable" testcasecount="20"
							result="Passed" start-time="2022-07-20 18:31:39Z" end-time="2022-07-20 18:31:39Z" duration="0.285302" total="20" passed="20" failed="0" inconclusive="0"
							skipped="0" asserts="0">
							<properties />
							<test-suite type="TestSuite" id="1554" name="EditMode" fullname="Ulisses.Core.UnityUI.Tests.EditMode" runstate="Runnable" testcasecount="20"
								result="Passed" start-time="2022-07-20 18:31:39Z" end-time="2022-07-20 18:31:39Z" duration="0.281152" total="20" passed="20" failed="0" inconclusive="0"
								skipped="0" asserts="0">
								<properties />
								<test-suite type="TestFixture" id="1523" name="ImageTargetTests" fullname="Ulisses.Core.UnityUI.Tests.EditMode.ImageTargetTests"
									classname="Ulisses.Core.UnityUI.Tests.EditMode.ImageTargetTests" runstate="Runnable" testcasecount="3" result="Passed"
									start-time="2022-07-20 18:31:39Z" end-time="2022-07-20 18:31:39Z" duration="0.060213" total="3" passed="3" failed="0" inconclusive="0" skipped="0"
									asserts="0">
									<properties />
									<test-case id="1526" name="ImageFillAmountTest" fullname="Ulisses.Core.UnityUI.Tests.EditMode.ImageTargetTests.ImageFillAmountTest"
										methodname="ImageFillAmountTest" classname="Ulisses.Core.UnityUI.Tests.EditMode.ImageTargetTests" runstate="Runnable" seed="1861715502"
										result="Passed" start-time="2022-07-20 18:31:39Z" end-time="2022-07-20 18:31:39Z" duration="0.050163" asserts="0">
										<properties />
									</test-case>
									<test-case id="1524" name="ImageSpriteDefaultTest" fullname="Ulisses.Core.UnityUI.Tests.EditMode.ImageTargetTests.ImageSpriteDefaultTest"
										methodname="ImageSpriteDefaultTest" classname="Ulisses.Core.UnityUI.Tests.EditMode.ImageTargetTests" runstate="Runnable" seed="573594889"
										result="Passed" start-time="2022-07-20 18:31:39Z" end-time="2022-07-20 18:31:39Z" duration="0.002580" asserts="0">
										<properties />
									</test-case>
									<test-case id="1525" name="ImageSpriteTest" fullname="Ulisses.Core.UnityUI.Tests.EditMode.ImageTargetTests.ImageSpriteTest"
										methodname="ImageSpriteTest" classname="Ulisses.Core.UnityUI.Tests.EditMode.ImageTargetTests" runstate="Runnable" seed="1215744889" result="Passed"
										start-time="2022-07-20 18:31:39Z" end-time="2022-07-20 18:31:39Z" duration="0.002430" asserts="0">
										<properties />
									</test-case>
								</test-suite>
								<test-suite type="TestFixture" id="1527" name="RawImageTargetTests" fullname="Ulisses.Core.UnityUI.Tests.EditMode.RawImageTargetTests"
									classname="Ulisses.Core.UnityUI.Tests.EditMode.RawImageTargetTests" runstate="Runnable" testcasecount="4" result="Passed"
									start-time="2022-07-20 18:31:39Z" end-time="2022-07-20 18:31:39Z" duration="0.040739" total="4" passed="4" failed="0" inconclusive="0" skipped="0"
									asserts="0">
									<properties />
									<test-case id="1528" name="RawImageTextureDefaultTest"
										fullname="Ulisses.Core.UnityUI.Tests.EditMode.RawImageTargetTests.RawImageTextureDefaultTest" methodname="RawImageTextureDefaultTest"
										classname="Ulisses.Core.UnityUI.Tests.EditMode.RawImageTargetTests" runstate="Runnable" seed="688335221" result="Passed"
										start-time="2022-07-20 18:31:39Z" end-time="2022-07-20 18:31:39Z" duration="0.017963" asserts="0">
										<properties />
									</test-case>
									<test-case id="1530" name="RawImageTextureSpriteTest"
										fullname="Ulisses.Core.UnityUI.Tests.EditMode.RawImageTargetTests.RawImageTextureSpriteTest" methodname="RawImageTextureSpriteTest"
										classname="Ulisses.Core.UnityUI.Tests.EditMode.RawImageTargetTests" runstate="Runnable" seed="791990496" result="Passed"
										start-time="2022-07-20 18:31:39Z" end-time="2022-07-20 18:31:39Z" duration="0.002689" asserts="0">
										<properties />
									</test-case>
									<test-case id="1529" name="RawImageTextureTest" fullname="Ulisses.Core.UnityUI.Tests.EditMode.RawImageTargetTests.RawImageTextureTest"
										methodname="RawImageTextureTest" classname="Ulisses.Core.UnityUI.Tests.EditMode.RawImageTargetTests" runstate="Runnable" seed="1431583736"
										result="Passed" start-time="2022-07-20 18:31:39Z" end-time="2022-07-20 18:31:39Z" duration="0.002582" asserts="0">
										<properties />
									</test-case>
									<test-case id="1531" name="RawImageUVRectTest" fullname="Ulisses.Core.UnityUI.Tests.EditMode.RawImageTargetTests.RawImageUVRectTest"
										methodname="RawImageUVRectTest" classname="Ulisses.Core.UnityUI.Tests.EditMode.RawImageTargetTests" runstate="Runnable" seed="1998961885"
										result="Passed" start-time="2022-07-20 18:31:39Z" end-time="2022-07-20 18:31:39Z" duration="0.003227" asserts="0">
										<properties />
									</test-case>
								</test-suite>
								<test-suite type="TestFixture" id="1532" name="SliderTargetTests" fullname="Ulisses.Core.UnityUI.Tests.EditMode.SliderTargetTests"
									classname="Ulisses.Core.UnityUI.Tests.EditMode.SliderTargetTests" runstate="Runnable" testcasecount="5" result="Passed"
									start-time="2022-07-20 18:31:39Z" end-time="2022-07-20 18:31:39Z" duration="0.040384" total="5" passed="5" failed="0" inconclusive="0" skipped="0"
									asserts="0">
									<properties />
									<test-case id="1533" name="SliderDefaultTest" fullname="Ulisses.Core.UnityUI.Tests.EditMode.SliderTargetTests.SliderDefaultTest"
										methodname="SliderDefaultTest" classname="Ulisses.Core.UnityUI.Tests.EditMode.SliderTargetTests" runstate="Runnable" seed="1858135200" result="Passed"
										start-time="2022-07-20 18:31:39Z" end-time="2022-07-20 18:31:39Z" duration="0.021068" asserts="0">
										<properties />
									</test-case>
									<test-case id="1536" name="SliderMaxValueTest" fullname="Ulisses.Core.UnityUI.Tests.EditMode.SliderTargetTests.SliderMaxValueTest"
										methodname="SliderMaxValueTest" classname="Ulisses.Core.UnityUI.Tests.EditMode.SliderTargetTests" runstate="Runnable" seed="631608947" result="Passed"
										start-time="2022-07-20 18:31:39Z" end-time="2022-07-20 18:31:39Z" duration="0.004066" asserts="0">
										<properties />
									</test-case>
									<test-case id="1535" name="SliderMinValueTest" fullname="Ulisses.Core.UnityUI.Tests.EditMode.SliderTargetTests.SliderMinValueTest"
										methodname="SliderMinValueTest" classname="Ulisses.Core.UnityUI.Tests.EditMode.SliderTargetTests" runstate="Runnable" seed="943868154" result="Passed"
										start-time="2022-07-20 18:31:39Z" end-time="2022-07-20 18:31:39Z" duration="0.004415" asserts="0">
										<properties />
									</test-case>
									<test-case id="1537" name="SliderOnValueChangedTest"
										fullname="Ulisses.Core.UnityUI.Tests.EditMode.SliderTargetTests.SliderOnValueChangedTest" methodname="SliderOnValueChangedTest"
										classname="Ulisses.Core.UnityUI.Tests.EditMode.SliderTargetTests" runstate="Runnable" seed="237954334" result="Passed"
										start-time="2022-07-20 18:31:39Z" end-time="2022-07-20 18:31:39Z" duration="0.004410" asserts="0">
										<properties />
									</test-case>
									<test-case id="1534" name="SliderValueTest" fullname="Ulisses.Core.UnityUI.Tests.EditMode.SliderTargetTests.SliderValueTest"
										methodname="SliderValueTest" classname="Ulisses.Core.UnityUI.Tests.EditMode.SliderTargetTests" runstate="Runnable" seed="1708182955" result="Passed"
										start-time="2022-07-20 18:31:39Z" end-time="2022-07-20 18:31:39Z" duration="0.002826" asserts="0">
										<properties />
									</test-case>
								</test-suite>
								<test-suite type="TestFixture" id="1538" name="TMPInputFieldTargetTests"
									fullname="Ulisses.Core.UnityUI.Tests.EditMode.TMPInputFieldTargetTests" classname="Ulisses.Core.UnityUI.Tests.EditMode.TMPInputFieldTargetTests"
									runstate="Runnable" testcasecount="3" result="Passed" start-time="2022-07-20 18:31:39Z" end-time="2022-07-20 18:31:39Z" duration="0.032202" total="3"
									passed="3" failed="0" inconclusive="0" skipped="0" asserts="0">
									<properties />
									<test-case id="1539" name="TMPInputFieldDefaultTest"
										fullname="Ulisses.Core.UnityUI.Tests.EditMode.TMPInputFieldTargetTests.TMPInputFieldDefaultTest" methodname="TMPInputFieldDefaultTest"
										classname="Ulisses.Core.UnityUI.Tests.EditMode.TMPInputFieldTargetTests" runstate="Runnable" seed="1715595495" result="Passed"
										start-time="2022-07-20 18:31:39Z" end-time="2022-07-20 18:31:39Z" duration="0.023324" asserts="0">
										<properties />
									</test-case>
									<test-case id="1541" name="TMPInputFieldOnValueChangedTest"
										fullname="Ulisses.Core.UnityUI.Tests.EditMode.TMPInputFieldTargetTests.TMPInputFieldOnValueChangedTest" methodname="TMPInputFieldOnValueChangedTest"
										classname="Ulisses.Core.UnityUI.Tests.EditMode.TMPInputFieldTargetTests" runstate="Runnable" seed="358176984" result="Passed"
										start-time="2022-07-20 18:31:39Z" end-time="2022-07-20 18:31:39Z" duration="0.003227" asserts="0">
										<properties />
									</test-case>
									<test-case id="1540" name="TMPInputFieldTextTest"
										fullname="Ulisses.Core.UnityUI.Tests.EditMode.TMPInputFieldTargetTests.TMPInputFieldTextTest" methodname="TMPInputFieldTextTest"
										classname="Ulisses.Core.UnityUI.Tests.EditMode.TMPInputFieldTargetTests" runstate="Runnable" seed="495899357" result="Passed"
										start-time="2022-07-20 18:31:39Z" end-time="2022-07-20 18:31:39Z" duration="0.002733" asserts="0">
										<properties />
									</test-case>
								</test-suite>
								<test-suite type="TestFixture" id="1542" name="TMPTextTargetTests" fullname="Ulisses.Core.UnityUI.Tests.EditMode.TMPTextTargetTests"
									classname="Ulisses.Core.UnityUI.Tests.EditMode.TMPTextTargetTests" runstate="Runnable" testcasecount="2" result="Passed"
									start-time="2022-07-20 18:31:39Z" end-time="2022-07-20 18:31:39Z" duration="0.074600" total="2" passed="2" failed="0" inconclusive="0" skipped="0"
									asserts="0">
									<properties />
									<test-case id="1543" name="TMPInputFieldDefaultTest"
										fullname="Ulisses.Core.UnityUI.Tests.EditMode.TMPTextTargetTests.TMPInputFieldDefaultTest" methodname="TMPInputFieldDefaultTest"
										classname="Ulisses.Core.UnityUI.Tests.EditMode.TMPTextTargetTests" runstate="Runnable" seed="2040689505" result="Passed"
										start-time="2022-07-20 18:31:39Z" end-time="2022-07-20 18:31:39Z" duration="0.068268" asserts="0">
										<properties />
									</test-case>
									<test-case id="1544" name="TMPInputFieldTextTest" fullname="Ulisses.Core.UnityUI.Tests.EditMode.TMPTextTargetTests.TMPInputFieldTextTest"
										methodname="TMPInputFieldTextTest" classname="Ulisses.Core.UnityUI.Tests.EditMode.TMPTextTargetTests" runstate="Runnable" seed="1605199136"
										result="Passed" start-time="2022-07-20 18:31:39Z" end-time="2022-07-20 18:31:39Z" duration="0.002811" asserts="0">
										<properties />
									</test-case>
								</test-suite>
								<test-suite type="TestFixture" id="1545" name="ToggleTargetTests" fullname="Ulisses.Core.UnityUI.Tests.EditMode.ToggleTargetTests"
									classname="Ulisses.Core.UnityUI.Tests.EditMode.ToggleTargetTests" runstate="Runnable" testcasecount="3" result="Passed"
									start-time="2022-07-20 18:31:39Z" end-time="2022-07-20 18:31:39Z" duration="0.028899" total="3" passed="3" failed="0" inconclusive="0" skipped="0"
									asserts="0">
									<properties />
									<test-case id="1546" name="ToggleIsOnDefaultTest" fullname="Ulisses.Core.UnityUI.Tests.EditMode.ToggleTargetTests.ToggleIsOnDefaultTest"
										methodname="ToggleIsOnDefaultTest" classname="Ulisses.Core.UnityUI.Tests.EditMode.ToggleTargetTests" runstate="Runnable" seed="56504402"
										result="Passed" start-time="2022-07-20 18:31:39Z" end-time="2022-07-20 18:31:39Z" duration="0.018500" asserts="0">
										<properties />
									</test-case>
									<test-case id="1547" name="ToggleIsOnTest" fullname="Ulisses.Core.UnityUI.Tests.EditMode.ToggleTargetTests.ToggleIsOnTest"
										methodname="ToggleIsOnTest" classname="Ulisses.Core.UnityUI.Tests.EditMode.ToggleTargetTests" runstate="Runnable" seed="1701155313" result="Passed"
										start-time="2022-07-20 18:31:39Z" end-time="2022-07-20 18:31:39Z" duration="0.003050" asserts="0">
										<properties />
									</test-case>
									<test-case id="1548" name="ToggleOnValueChangedTest"
										fullname="Ulisses.Core.UnityUI.Tests.EditMode.ToggleTargetTests.ToggleOnValueChangedTest" methodname="ToggleOnValueChangedTest"
										classname="Ulisses.Core.UnityUI.Tests.EditMode.ToggleTargetTests" runstate="Runnable" seed="1344005406" result="Passed"
										start-time="2022-07-20 18:31:39Z" end-time="2022-07-20 18:31:39Z" duration="0.002555" asserts="0">
										<properties />
									</test-case>
								</test-suite>
							</test-suite>
						</test-suite>
					</test-suite>
				</test-suite>
			</test-suite>
		</test-suite>
	</test-suite>
</test-run>
